The system is: Linux - 4.12.14-lp150.12.82-default - x86_64
Compiling the CXX compiler identification source file "CMakeCXXCompilerId.cpp" succeeded.
Compiler: /usr/common/software/llvm/13_rc3/bin/clang++ 
Build flags: 
Id flags:  

The output was:
0


Compilation of the CXX compiler identification source "CMakeCXXCompilerId.cpp" produced "a.out"

The CXX compiler identification is Clang, found in "/global/homes/u/utkrisht/hw5/sobel-harness-instructional/build/CMakeFiles/3.21.3/CompilerIdCXX/a.out"

Checking whether the CUDA compiler is NVIDIA using "" matched "nvcc: NVIDIA \(R\) Cuda compiler driver":
nvcc: NVIDIA (R) Cuda compiler driver
Copyright (c) 2005-2021 NVIDIA Corporation
Built on Thu_Jan_28_19:32:09_PST_2021
Cuda compilation tools, release 11.2, V11.2.142
Build cuda_11.2.r11.2/compiler.29558016_0
Compiling the CUDA compiler identification source file "CMakeCUDACompilerId.cu" succeeded.
Compiler: /usr/common/software/sles15_cgpu/cuda/11.2.1/bin/nvcc 
Build flags: 
Id flags: --keep;--keep-dir;tmp -v

The output was:
0
#$ _NVVM_BRANCH_=nvvm
#$ _SPACE_= 
#$ _CUDART_=cudart
#$ _HERE_=/usr/common/software/sles15_cgpu/cuda/11.2.1/bin
#$ _THERE_=/usr/common/software/sles15_cgpu/cuda/11.2.1/bin
#$ _TARGET_SIZE_=
#$ _TARGET_DIR_=
#$ _TARGET_DIR_=targets/x86_64-linux
#$ TOP=/usr/common/software/sles15_cgpu/cuda/11.2.1/bin/..
#$ NVVMIR_LIBRARY_DIR=/usr/common/software/sles15_cgpu/cuda/11.2.1/bin/../nvvm/libdevice
#$ LD_LIBRARY_PATH=/usr/common/software/sles15_cgpu/cuda/11.2.1/bin/../lib:/usr/common/software/llvm/13_rc3/lib:/usr/common/software/sles15_cgpu/openmpi/4.0.3/gcc/lib:/usr/common/software/sles15_cgpu/ucx/1.8.1/lib:/usr/common/software/sles15_cgpu/cuda/11.2.1/extras/CUPTI/lib64:/usr/common/software/sles15_cgpu/cuda/11.2.1/lib64:/usr/common/software/sles15_cgpu/cuda/11.2.1/lib64/compat:/usr/common/software/sles15_cgpu/gcc/8.3.0/lib64:/opt/esslurm/lib64:/usr/lib64:/usr/common/software/sles15_cgpu/cuda/11.2.1/lib64/stubs
#$ PATH=/usr/common/software/sles15_cgpu/cuda/11.2.1/bin/../nvvm/bin:/usr/common/software/sles15_cgpu/cuda/11.2.1/bin:/opt/cray/pe/modules/3.2.11.4/bin:/usr/common/software/llvm/13_rc3/bin:/usr/common/software/sles15_cgpu/openmpi/4.0.3/gcc/bin:/usr/common/software/sles15_cgpu/cuda/11.2.1/bin:/usr/common/software/sles15_cgpu/gcc/8.3.0/bin:/opt/esslurm/bin:/usr/common/software/cmake/3.21.3/ninja/bin:/usr/common/software/cmake/3.21.3/bin:/usr/common/software/bin:/usr/common/nsg/bin:/opt/ovis/bin:/opt/ovis/sbin:/usr/local/bin:/usr/bin:/bin:/usr/lib/mit/bin:/usr/lib/mit/sbin
#$ INCLUDES="-I/usr/common/software/sles15_cgpu/cuda/11.2.1/bin/../targets/x86_64-linux/include"  
#$ LIBRARIES=  "-L/usr/common/software/sles15_cgpu/cuda/11.2.1/bin/../targets/x86_64-linux/lib/stubs" "-L/usr/common/software/sles15_cgpu/cuda/11.2.1/bin/../targets/x86_64-linux/lib"
#$ CUDAFE_FLAGS=
#$ PTXAS_FLAGS=
#$ rm tmp/a_dlink.reg.c
#$ gcc -D__CUDA_ARCH__=520 -E -x c++  -DCUDA_DOUBLE_MATH_FUNCTIONS -D__CUDACC__ -D__NVCC__  "-I/usr/common/software/sles15_cgpu/cuda/11.2.1/bin/../targets/x86_64-linux/include"    -D__CUDACC_VER_MAJOR__=11 -D__CUDACC_VER_MINOR__=2 -D__CUDACC_VER_BUILD__=142 -D__CUDA_API_VER_MAJOR__=11 -D__CUDA_API_VER_MINOR__=2 -include "cuda_runtime.h" -m64 "CMakeCUDACompilerId.cu" -o "tmp/CMakeCUDACompilerId.cpp1.ii" 
#$ cicc --c++14 --gnu_version=80300 --orig_src_file_name "CMakeCUDACompilerId.cu" --allow_managed   -arch compute_52 -m64 --no-version-ident -ftz=0 -prec_div=1 -prec_sqrt=1 -fmad=1 --include_file_name "CMakeCUDACompilerId.fatbin.c" -tused --gen_module_id_file --module_id_file_name "tmp/CMakeCUDACompilerId.module_id" --gen_c_file_name "tmp/CMakeCUDACompilerId.cudafe1.c" --stub_file_name "tmp/CMakeCUDACompilerId.cudafe1.stub.c" --gen_device_file_name "tmp/CMakeCUDACompilerId.cudafe1.gpu"  "tmp/CMakeCUDACompilerId.cpp1.ii" -o "tmp/CMakeCUDACompilerId.ptx"
#$ ptxas -arch=sm_52 -m64  "tmp/CMakeCUDACompilerId.ptx"  -o "tmp/CMakeCUDACompilerId.sm_52.cubin" 
#$ fatbinary --create="tmp/CMakeCUDACompilerId.fatbin" -64 --cicc-cmdline="-ftz=0 -prec_div=1 -prec_sqrt=1 -fmad=1 " "--image3=kind=elf,sm=52,file=tmp/CMakeCUDACompilerId.sm_52.cubin" "--image3=kind=ptx,sm=52,file=tmp/CMakeCUDACompilerId.ptx" --embedded-fatbin="tmp/CMakeCUDACompilerId.fatbin.c" 
#$ gcc -E -x c++ -D__CUDACC__ -D__NVCC__  "-I/usr/common/software/sles15_cgpu/cuda/11.2.1/bin/../targets/x86_64-linux/include"    -D__CUDACC_VER_MAJOR__=11 -D__CUDACC_VER_MINOR__=2 -D__CUDACC_VER_BUILD__=142 -D__CUDA_API_VER_MAJOR__=11 -D__CUDA_API_VER_MINOR__=2 -include "cuda_runtime.h" -m64 "CMakeCUDACompilerId.cu" -o "tmp/CMakeCUDACompilerId.cpp4.ii" 
#$ cudafe++ --c++14 --gnu_version=80300 --orig_src_file_name "CMakeCUDACompilerId.cu" --allow_managed  --m64 --parse_templates --gen_c_file_name "tmp/CMakeCUDACompilerId.cudafe1.cpp" --stub_file_name "CMakeCUDACompilerId.cudafe1.stub.c" --module_id_file_name "tmp/CMakeCUDACompilerId.module_id" "tmp/CMakeCUDACompilerId.cpp4.ii" 
#$ gcc -D__CUDA_ARCH__=520 -c -x c++  -DCUDA_DOUBLE_MATH_FUNCTIONS "-I/usr/common/software/sles15_cgpu/cuda/11.2.1/bin/../targets/x86_64-linux/include"   -m64 "tmp/CMakeCUDACompilerId.cudafe1.cpp" -o "tmp/CMakeCUDACompilerId.o" 
#$ nvlink --arch=sm_52 --register-link-binaries="tmp/a_dlink.reg.c"  -m64   "-L/usr/common/software/sles15_cgpu/cuda/11.2.1/bin/../targets/x86_64-linux/lib/stubs" "-L/usr/common/software/sles15_cgpu/cuda/11.2.1/bin/../targets/x86_64-linux/lib" -cpu-arch=X86_64 "tmp/CMakeCUDACompilerId.o"  -lcudadevrt  -o "tmp/a_dlink.sm_52.cubin"
#$ fatbinary --create="tmp/a_dlink.fatbin" -64 --cicc-cmdline="-ftz=0 -prec_div=1 -prec_sqrt=1 -fmad=1 " -link "--image3=kind=elf,sm=52,file=tmp/a_dlink.sm_52.cubin" --embedded-fatbin="tmp/a_dlink.fatbin.c" 
#$ gcc -c -x c++ -DFATBINFILE="\"tmp/a_dlink.fatbin.c\"" -DREGISTERLINKBINARYFILE="\"tmp/a_dlink.reg.c\"" -I. -D__NV_EXTRA_INITIALIZATION= -D__NV_EXTRA_FINALIZATION= -D__CUDA_INCLUDE_COMPILER_INTERNAL_HEADERS__  "-I/usr/common/software/sles15_cgpu/cuda/11.2.1/bin/../targets/x86_64-linux/include"    -D__CUDACC_VER_MAJOR__=11 -D__CUDACC_VER_MINOR__=2 -D__CUDACC_VER_BUILD__=142 -D__CUDA_API_VER_MAJOR__=11 -D__CUDA_API_VER_MINOR__=2 -m64 "/usr/common/software/sles15_cgpu/cuda/11.2.1/bin/crt/link.stub" -o "tmp/a_dlink.o" 
#$ g++ -m64 -Wl,--start-group "tmp/a_dlink.o" "tmp/CMakeCUDACompilerId.o"   "-L/usr/common/software/sles15_cgpu/cuda/11.2.1/bin/../targets/x86_64-linux/lib/stubs" "-L/usr/common/software/sles15_cgpu/cuda/11.2.1/bin/../targets/x86_64-linux/lib"  -lcudadevrt  -lcudart_static  -lrt -lpthread  -ldl  -Wl,--end-group -o "a.out" 


Compilation of the CUDA compiler identification source "CMakeCUDACompilerId.cu" produced "a.out"

The CUDA compiler identification is NVIDIA, found in "/global/homes/u/utkrisht/hw5/sobel-harness-instructional/build/CMakeFiles/3.21.3/CompilerIdCUDA/a.out"

Parsed CUDA nvcc implicit link information from above output:
  found 'PATH=' string: [/usr/common/software/sles15_cgpu/cuda/11.2.1/bin/../nvvm/bin:/usr/common/software/sles15_cgpu/cuda/11.2.1/bin:/opt/cray/pe/modules/3.2.11.4/bin:/usr/common/software/llvm/13_rc3/bin:/usr/common/software/sles15_cgpu/openmpi/4.0.3/gcc/bin:/usr/common/software/sles15_cgpu/cuda/11.2.1/bin:/usr/common/software/sles15_cgpu/gcc/8.3.0/bin:/opt/esslurm/bin:/usr/common/software/cmake/3.21.3/ninja/bin:/usr/common/software/cmake/3.21.3/bin:/usr/common/software/bin:/usr/common/nsg/bin:/opt/ovis/bin:/opt/ovis/sbin:/usr/local/bin:/usr/bin:/bin:/usr/lib/mit/bin:/usr/lib/mit/sbin]
  found 'LIBRARIES=' string: ["-L/usr/common/software/sles15_cgpu/cuda/11.2.1/bin/../targets/x86_64-linux/lib/stubs" "-L/usr/common/software/sles15_cgpu/cuda/11.2.1/bin/../targets/x86_64-linux/lib"]
  considering line: [#$ rm tmp/a_dlink.reg.c]
  considering line: [gcc -D__CUDA_ARCH__=520 -E -x c++  -DCUDA_DOUBLE_MATH_FUNCTIONS -D__CUDACC__ -D__NVCC__  "-I/usr/common/software/sles15_cgpu/cuda/11.2.1/bin/../targets/x86_64-linux/include"    -D__CUDACC_VER_MAJOR__=11 -D__CUDACC_VER_MINOR__=2 -D__CUDACC_VER_BUILD__=142 -D__CUDA_API_VER_MAJOR__=11 -D__CUDA_API_VER_MINOR__=2 -include "cuda_runtime.h" -m64 "CMakeCUDACompilerId.cu" -o "tmp/CMakeCUDACompilerId.cpp1.ii" ]
  considering line: [cicc --c++14 --gnu_version=80300 --orig_src_file_name "CMakeCUDACompilerId.cu" --allow_managed   -arch compute_52 -m64 --no-version-ident -ftz=0 -prec_div=1 -prec_sqrt=1 -fmad=1 --include_file_name "CMakeCUDACompilerId.fatbin.c" -tused --gen_module_id_file --module_id_file_name "tmp/CMakeCUDACompilerId.module_id" --gen_c_file_name "tmp/CMakeCUDACompilerId.cudafe1.c" --stub_file_name "tmp/CMakeCUDACompilerId.cudafe1.stub.c" --gen_device_file_name "tmp/CMakeCUDACompilerId.cudafe1.gpu"  "tmp/CMakeCUDACompilerId.cpp1.ii" -o "tmp/CMakeCUDACompilerId.ptx"]
  considering line: [ptxas -arch=sm_52 -m64  "tmp/CMakeCUDACompilerId.ptx"  -o "tmp/CMakeCUDACompilerId.sm_52.cubin" ]
  considering line: [fatbinary --create="tmp/CMakeCUDACompilerId.fatbin" -64 --cicc-cmdline="-ftz=0 -prec_div=1 -prec_sqrt=1 -fmad=1 " "--image3=kind=elf,sm=52,file=tmp/CMakeCUDACompilerId.sm_52.cubin" "--image3=kind=ptx,sm=52,file=tmp/CMakeCUDACompilerId.ptx" --embedded-fatbin="tmp/CMakeCUDACompilerId.fatbin.c" ]
  considering line: [gcc -E -x c++ -D__CUDACC__ -D__NVCC__  "-I/usr/common/software/sles15_cgpu/cuda/11.2.1/bin/../targets/x86_64-linux/include"    -D__CUDACC_VER_MAJOR__=11 -D__CUDACC_VER_MINOR__=2 -D__CUDACC_VER_BUILD__=142 -D__CUDA_API_VER_MAJOR__=11 -D__CUDA_API_VER_MINOR__=2 -include "cuda_runtime.h" -m64 "CMakeCUDACompilerId.cu" -o "tmp/CMakeCUDACompilerId.cpp4.ii" ]
  considering line: [cudafe++ --c++14 --gnu_version=80300 --orig_src_file_name "CMakeCUDACompilerId.cu" --allow_managed  --m64 --parse_templates --gen_c_file_name "tmp/CMakeCUDACompilerId.cudafe1.cpp" --stub_file_name "CMakeCUDACompilerId.cudafe1.stub.c" --module_id_file_name "tmp/CMakeCUDACompilerId.module_id" "tmp/CMakeCUDACompilerId.cpp4.ii" ]
  considering line: [gcc -D__CUDA_ARCH__=520 -c -x c++  -DCUDA_DOUBLE_MATH_FUNCTIONS "-I/usr/common/software/sles15_cgpu/cuda/11.2.1/bin/../targets/x86_64-linux/include"   -m64 "tmp/CMakeCUDACompilerId.cudafe1.cpp" -o "tmp/CMakeCUDACompilerId.o" ]
  considering line: [nvlink --arch=sm_52 --register-link-binaries="tmp/a_dlink.reg.c"  -m64   "-L/usr/common/software/sles15_cgpu/cuda/11.2.1/bin/../targets/x86_64-linux/lib/stubs" "-L/usr/common/software/sles15_cgpu/cuda/11.2.1/bin/../targets/x86_64-linux/lib" -cpu-arch=X86_64 "tmp/CMakeCUDACompilerId.o"  -lcudadevrt  -o "tmp/a_dlink.sm_52.cubin"]
    ignoring nvlink line
  considering line: [fatbinary --create="tmp/a_dlink.fatbin" -64 --cicc-cmdline="-ftz=0 -prec_div=1 -prec_sqrt=1 -fmad=1 " -link "--image3=kind=elf,sm=52,file=tmp/a_dlink.sm_52.cubin" --embedded-fatbin="tmp/a_dlink.fatbin.c" ]
  considering line: [gcc -c -x c++ -DFATBINFILE="\"tmp/a_dlink.fatbin.c\"" -DREGISTERLINKBINARYFILE="\"tmp/a_dlink.reg.c\"" -I. -D__NV_EXTRA_INITIALIZATION= -D__NV_EXTRA_FINALIZATION= -D__CUDA_INCLUDE_COMPILER_INTERNAL_HEADERS__  "-I/usr/common/software/sles15_cgpu/cuda/11.2.1/bin/../targets/x86_64-linux/include"    -D__CUDACC_VER_MAJOR__=11 -D__CUDACC_VER_MINOR__=2 -D__CUDACC_VER_BUILD__=142 -D__CUDA_API_VER_MAJOR__=11 -D__CUDA_API_VER_MINOR__=2 -m64 "/usr/common/software/sles15_cgpu/cuda/11.2.1/bin/crt/link.stub" -o "tmp/a_dlink.o" ]
  considering line: [g++ -m64 -Wl,--start-group "tmp/a_dlink.o" "tmp/CMakeCUDACompilerId.o"   "-L/usr/common/software/sles15_cgpu/cuda/11.2.1/bin/../targets/x86_64-linux/lib/stubs" "-L/usr/common/software/sles15_cgpu/cuda/11.2.1/bin/../targets/x86_64-linux/lib"  -lcudadevrt  -lcudart_static  -lrt -lpthread  -ldl  -Wl,--end-group -o "a.out" ]
    extracted link line: [g++ -m64 -Wl,--start-group "tmp/a_dlink.o" "tmp/CMakeCUDACompilerId.o"   "-L/usr/common/software/sles15_cgpu/cuda/11.2.1/bin/../targets/x86_64-linux/lib/stubs" "-L/usr/common/software/sles15_cgpu/cuda/11.2.1/bin/../targets/x86_64-linux/lib"  -lcudadevrt  -lcudart_static  -lrt -lpthread  -ldl  -Wl,--end-group -o "a.out" ]
  considering line: []
  extracted link launcher name: [g++]
  found link launcher absolute path: [/usr/common/software/sles15_cgpu/gcc/8.3.0/bin/g++]

  link line regex: [^( *|.*[/\])(ld|CMAKE_LINK_STARTFILE-NOTFOUND|([^/\]+-)?ld|collect2)[^/\]*( |$)]
  link line: [cuda-fake-ld g++ -m64 -Wl,--start-group "tmp/a_dlink.o" "tmp/CMakeCUDACompilerId.o"   "-L/usr/common/software/sles15_cgpu/cuda/11.2.1/bin/../targets/x86_64-linux/lib/stubs" "-L/usr/common/software/sles15_cgpu/cuda/11.2.1/bin/../targets/x86_64-linux/lib"  -lcudadevrt  -lcudart_static  -lrt -lpthread  -ldl  -Wl,--end-group -o "a.out" ]
    arg [cuda-fake-ld] ==> ignore
    arg [g++] ==> ignore
    arg [-m64] ==> ignore
    arg [-Wl,--start-group] ==> ignore
    arg [tmp/a_dlink.o] ==> ignore
    arg [tmp/CMakeCUDACompilerId.o] ==> ignore
    arg [-L/usr/common/software/sles15_cgpu/cuda/11.2.1/bin/../targets/x86_64-linux/lib/stubs] ==> dir [/usr/common/software/sles15_cgpu/cuda/11.2.1/bin/../targets/x86_64-linux/lib/stubs]
    arg [-L/usr/common/software/sles15_cgpu/cuda/11.2.1/bin/../targets/x86_64-linux/lib] ==> dir [/usr/common/software/sles15_cgpu/cuda/11.2.1/bin/../targets/x86_64-linux/lib]
    arg [-lcudadevrt] ==> lib [cudadevrt]
    arg [-lcudart_static] ==> lib [cudart_static]
    arg [-lrt] ==> lib [rt]
    arg [-lpthread] ==> lib [pthread]
    arg [-ldl] ==> lib [dl]
    arg [-Wl,--end-group] ==> ignore
    arg [-o] ==> ignore
    arg [a.out] ==> ignore
  collapse library dir [/usr/common/software/sles15_cgpu/cuda/11.2.1/bin/../targets/x86_64-linux/lib/stubs] ==> [/usr/common/software/sles15_cgpu/cuda/11.2.1/targets/x86_64-linux/lib/stubs]
  collapse library dir [/usr/common/software/sles15_cgpu/cuda/11.2.1/bin/../targets/x86_64-linux/lib] ==> [/usr/common/software/sles15_cgpu/cuda/11.2.1/targets/x86_64-linux/lib]
  implicit libs: [cudadevrt;cudart_static;rt;pthread;dl]
  implicit objs: []
  implicit dirs: [/usr/common/software/sles15_cgpu/cuda/11.2.1/targets/x86_64-linux/lib/stubs;/usr/common/software/sles15_cgpu/cuda/11.2.1/targets/x86_64-linux/lib]
  implicit fwks: []


Parsed CUDA nvcc include information from above output:
  found 'PATH=' string: [/usr/common/software/sles15_cgpu/cuda/11.2.1/bin/../nvvm/bin:/usr/common/software/sles15_cgpu/cuda/11.2.1/bin:/opt/cray/pe/modules/3.2.11.4/bin:/usr/common/software/llvm/13_rc3/bin:/usr/common/software/sles15_cgpu/openmpi/4.0.3/gcc/bin:/usr/common/software/sles15_cgpu/cuda/11.2.1/bin:/usr/common/software/sles15_cgpu/gcc/8.3.0/bin:/opt/esslurm/bin:/usr/common/software/cmake/3.21.3/ninja/bin:/usr/common/software/cmake/3.21.3/bin:/usr/common/software/bin:/usr/common/nsg/bin:/opt/ovis/bin:/opt/ovis/sbin:/usr/local/bin:/usr/bin:/bin:/usr/lib/mit/bin:/usr/lib/mit/sbin]
  found 'LIBRARIES=' string: ["-L/usr/common/software/sles15_cgpu/cuda/11.2.1/bin/../targets/x86_64-linux/lib/stubs" "-L/usr/common/software/sles15_cgpu/cuda/11.2.1/bin/../targets/x86_64-linux/lib"]
  considering line: [#$ rm tmp/a_dlink.reg.c]
  considering line: [gcc -D__CUDA_ARCH__=520 -E -x c++  -DCUDA_DOUBLE_MATH_FUNCTIONS -D__CUDACC__ -D__NVCC__  "-I/usr/common/software/sles15_cgpu/cuda/11.2.1/bin/../targets/x86_64-linux/include"    -D__CUDACC_VER_MAJOR__=11 -D__CUDACC_VER_MINOR__=2 -D__CUDACC_VER_BUILD__=142 -D__CUDA_API_VER_MAJOR__=11 -D__CUDA_API_VER_MINOR__=2 -include "cuda_runtime.h" -m64 "CMakeCUDACompilerId.cu" -o "tmp/CMakeCUDACompilerId.cpp1.ii" ]
  considering line: [cicc --c++14 --gnu_version=80300 --orig_src_file_name "CMakeCUDACompilerId.cu" --allow_managed   -arch compute_52 -m64 --no-version-ident -ftz=0 -prec_div=1 -prec_sqrt=1 -fmad=1 --include_file_name "CMakeCUDACompilerId.fatbin.c" -tused --gen_module_id_file --module_id_file_name "tmp/CMakeCUDACompilerId.module_id" --gen_c_file_name "tmp/CMakeCUDACompilerId.cudafe1.c" --stub_file_name "tmp/CMakeCUDACompilerId.cudafe1.stub.c" --gen_device_file_name "tmp/CMakeCUDACompilerId.cudafe1.gpu"  "tmp/CMakeCUDACompilerId.cpp1.ii" -o "tmp/CMakeCUDACompilerId.ptx"]
  considering line: [ptxas -arch=sm_52 -m64  "tmp/CMakeCUDACompilerId.ptx"  -o "tmp/CMakeCUDACompilerId.sm_52.cubin" ]
  considering line: [fatbinary --create="tmp/CMakeCUDACompilerId.fatbin" -64 --cicc-cmdline="-ftz=0 -prec_div=1 -prec_sqrt=1 -fmad=1 " "--image3=kind=elf,sm=52,file=tmp/CMakeCUDACompilerId.sm_52.cubin" "--image3=kind=ptx,sm=52,file=tmp/CMakeCUDACompilerId.ptx" --embedded-fatbin="tmp/CMakeCUDACompilerId.fatbin.c" ]
  considering line: [gcc -E -x c++ -D__CUDACC__ -D__NVCC__  "-I/usr/common/software/sles15_cgpu/cuda/11.2.1/bin/../targets/x86_64-linux/include"    -D__CUDACC_VER_MAJOR__=11 -D__CUDACC_VER_MINOR__=2 -D__CUDACC_VER_BUILD__=142 -D__CUDA_API_VER_MAJOR__=11 -D__CUDA_API_VER_MINOR__=2 -include "cuda_runtime.h" -m64 "CMakeCUDACompilerId.cu" -o "tmp/CMakeCUDACompilerId.cpp4.ii" ]
  considering line: [cudafe++ --c++14 --gnu_version=80300 --orig_src_file_name "CMakeCUDACompilerId.cu" --allow_managed  --m64 --parse_templates --gen_c_file_name "tmp/CMakeCUDACompilerId.cudafe1.cpp" --stub_file_name "CMakeCUDACompilerId.cudafe1.stub.c" --module_id_file_name "tmp/CMakeCUDACompilerId.module_id" "tmp/CMakeCUDACompilerId.cpp4.ii" ]
  considering line: [gcc -D__CUDA_ARCH__=520 -c -x c++  -DCUDA_DOUBLE_MATH_FUNCTIONS "-I/usr/common/software/sles15_cgpu/cuda/11.2.1/bin/../targets/x86_64-linux/include"   -m64 "tmp/CMakeCUDACompilerId.cudafe1.cpp" -o "tmp/CMakeCUDACompilerId.o" ]
  considering line: [nvlink --arch=sm_52 --register-link-binaries="tmp/a_dlink.reg.c"  -m64   "-L/usr/common/software/sles15_cgpu/cuda/11.2.1/bin/../targets/x86_64-linux/lib/stubs" "-L/usr/common/software/sles15_cgpu/cuda/11.2.1/bin/../targets/x86_64-linux/lib" -cpu-arch=X86_64 "tmp/CMakeCUDACompilerId.o"  -lcudadevrt  -o "tmp/a_dlink.sm_52.cubin"]
    ignoring nvlink line
  considering line: [fatbinary --create="tmp/a_dlink.fatbin" -64 --cicc-cmdline="-ftz=0 -prec_div=1 -prec_sqrt=1 -fmad=1 " -link "--image3=kind=elf,sm=52,file=tmp/a_dlink.sm_52.cubin" --embedded-fatbin="tmp/a_dlink.fatbin.c" ]
  considering line: [gcc -c -x c++ -DFATBINFILE="\"tmp/a_dlink.fatbin.c\"" -DREGISTERLINKBINARYFILE="\"tmp/a_dlink.reg.c\"" -I. -D__NV_EXTRA_INITIALIZATION= -D__NV_EXTRA_FINALIZATION= -D__CUDA_INCLUDE_COMPILER_INTERNAL_HEADERS__  "-I/usr/common/software/sles15_cgpu/cuda/11.2.1/bin/../targets/x86_64-linux/include"    -D__CUDACC_VER_MAJOR__=11 -D__CUDACC_VER_MINOR__=2 -D__CUDACC_VER_BUILD__=142 -D__CUDA_API_VER_MAJOR__=11 -D__CUDA_API_VER_MINOR__=2 -m64 "/usr/common/software/sles15_cgpu/cuda/11.2.1/bin/crt/link.stub" -o "tmp/a_dlink.o" ]
  considering line: [g++ -m64 -Wl,--start-group "tmp/a_dlink.o" "tmp/CMakeCUDACompilerId.o"   "-L/usr/common/software/sles15_cgpu/cuda/11.2.1/bin/../targets/x86_64-linux/lib/stubs" "-L/usr/common/software/sles15_cgpu/cuda/11.2.1/bin/../targets/x86_64-linux/lib"  -lcudadevrt  -lcudart_static  -lrt -lpthread  -ldl  -Wl,--end-group -o "a.out" ]
    extracted link line: [g++ -m64 -Wl,--start-group "tmp/a_dlink.o" "tmp/CMakeCUDACompilerId.o"   "-L/usr/common/software/sles15_cgpu/cuda/11.2.1/bin/../targets/x86_64-linux/lib/stubs" "-L/usr/common/software/sles15_cgpu/cuda/11.2.1/bin/../targets/x86_64-linux/lib"  -lcudadevrt  -lcudart_static  -lrt -lpthread  -ldl  -Wl,--end-group -o "a.out" ]
  considering line: []
  extracted link launcher name: [g++]
  found link launcher absolute path: [/usr/common/software/sles15_cgpu/gcc/8.3.0/bin/g++]
  found 'INCLUDES=' string: ["-I/usr/common/software/sles15_cgpu/cuda/11.2.1/bin/../targets/x86_64-linux/include"  ]

  link line regex: [^( *|.*[/\])(ld|CMAKE_LINK_STARTFILE-NOTFOUND|([^/\]+-)?ld|collect2)[^/\]*( |$)]
  link line: [cuda-fake-ld g++ -m64 -Wl,--start-group "tmp/a_dlink.o" "tmp/CMakeCUDACompilerId.o"   "-L/usr/common/software/sles15_cgpu/cuda/11.2.1/bin/../targets/x86_64-linux/lib/stubs" "-L/usr/common/software/sles15_cgpu/cuda/11.2.1/bin/../targets/x86_64-linux/lib"  -lcudadevrt  -lcudart_static  -lrt -lpthread  -ldl  -Wl,--end-group -o "a.out" ]
    arg [cuda-fake-ld] ==> ignore
    arg [g++] ==> ignore
    arg [-m64] ==> ignore
    arg [-Wl,--start-group] ==> ignore
    arg [tmp/a_dlink.o] ==> ignore
    arg [tmp/CMakeCUDACompilerId.o] ==> ignore
    arg [-L/usr/common/software/sles15_cgpu/cuda/11.2.1/bin/../targets/x86_64-linux/lib/stubs] ==> dir [/usr/common/software/sles15_cgpu/cuda/11.2.1/bin/../targets/x86_64-linux/lib/stubs]
    arg [-L/usr/common/software/sles15_cgpu/cuda/11.2.1/bin/../targets/x86_64-linux/lib] ==> dir [/usr/common/software/sles15_cgpu/cuda/11.2.1/bin/../targets/x86_64-linux/lib]
    arg [-lcudadevrt] ==> lib [cudadevrt]
    arg [-lcudart_static] ==> lib [cudart_static]
    arg [-lrt] ==> lib [rt]
    arg [-lpthread] ==> lib [pthread]
    arg [-ldl] ==> lib [dl]
    arg [-Wl,--end-group] ==> ignore
    arg [-o] ==> ignore
    arg [a.out] ==> ignore
  collapse library dir [/usr/common/software/sles15_cgpu/cuda/11.2.1/bin/../targets/x86_64-linux/lib/stubs] ==> [/usr/common/software/sles15_cgpu/cuda/11.2.1/targets/x86_64-linux/lib/stubs]
  collapse library dir [/usr/common/software/sles15_cgpu/cuda/11.2.1/bin/../targets/x86_64-linux/lib] ==> [/usr/common/software/sles15_cgpu/cuda/11.2.1/targets/x86_64-linux/lib]
  implicit libs: [cudadevrt;cudart_static;rt;pthread;dl]
  implicit objs: []
  implicit dirs: [/usr/common/software/sles15_cgpu/cuda/11.2.1/targets/x86_64-linux/lib/stubs;/usr/common/software/sles15_cgpu/cuda/11.2.1/targets/x86_64-linux/lib]
  implicit fwks: []


Detecting CXX compiler ABI info compiled with the following output:
Change Dir: /global/homes/u/utkrisht/hw5/sobel-harness-instructional/build/CMakeFiles/CMakeTmp

Run Build Command(s):/usr/bin/gmake -f Makefile cmTC_70ff3/fast && /usr/bin/gmake  -f CMakeFiles/cmTC_70ff3.dir/build.make CMakeFiles/cmTC_70ff3.dir/build
gmake[1]: Entering directory '/global/u1/u/utkrisht/hw5/sobel-harness-instructional/build/CMakeFiles/CMakeTmp'
Building CXX object CMakeFiles/cmTC_70ff3.dir/CMakeCXXCompilerABI.cpp.o
/usr/common/software/llvm/13_rc3/bin/clang++   -v -MD -MT CMakeFiles/cmTC_70ff3.dir/CMakeCXXCompilerABI.cpp.o -MF CMakeFiles/cmTC_70ff3.dir/CMakeCXXCompilerABI.cpp.o.d -o CMakeFiles/cmTC_70ff3.dir/CMakeCXXCompilerABI.cpp.o -c /global/common/cori_cle7/software/cmake/3.21.3/share/cmake-3.21/Modules/CMakeCXXCompilerABI.cpp
clang version 13.0.0 (https://github.com/llvm/llvm-project.git f6b09e394a5fad4b33f8746195377f4f638e2c8d)
Target: x86_64-unknown-linux-gnu
Thread model: posix
InstalledDir: /usr/common/software/llvm/13_rc3/bin
Found candidate GCC installation: /usr/lib64/gcc/x86_64-suse-linux/7
Selected GCC installation: /usr/lib64/gcc/x86_64-suse-linux/7
Candidate multilib: .;@m64
Candidate multilib: 32;@m32
Selected multilib: .;@m64
Found CUDA installation: /global/common/cori_cle7/software/sles15_cgpu/cuda/11.2.1, version 11.2
 (in-process)
 "/global/common/cori_cle7/software/llvm/13_rc3/bin/clang-13" -cc1 -triple x86_64-unknown-linux-gnu -emit-obj -mrelax-all --mrelax-relocations -disable-free -disable-llvm-verifier -discard-value-names -main-file-name CMakeCXXCompilerABI.cpp -mrelocation-model static -mframe-pointer=all -fmath-errno -fno-rounding-math -mconstructor-aliases -munwind-tables -target-cpu x86-64 -tune-cpu generic -debugger-tuning=gdb -v -fcoverage-compilation-dir=/global/u1/u/utkrisht/hw5/sobel-harness-instructional/build/CMakeFiles/CMakeTmp -resource-dir /global/common/cori_cle7/software/llvm/13_rc3/lib/clang/13.0.0 -dependency-file CMakeFiles/cmTC_70ff3.dir/CMakeCXXCompilerABI.cpp.o.d -MT CMakeFiles/cmTC_70ff3.dir/CMakeCXXCompilerABI.cpp.o -sys-header-deps -internal-isystem /usr/lib64/gcc/x86_64-suse-linux/7/../../../../include/c++/7 -internal-isystem /usr/lib64/gcc/x86_64-suse-linux/7/../../../../include/c++/7/x86_64-suse-linux -internal-isystem /usr/lib64/gcc/x86_64-suse-linux/7/../../../../include/c++/7/backward -internal-isystem /global/common/cori_cle7/software/llvm/13_rc3/lib/clang/13.0.0/include -internal-isystem /usr/local/include -internal-isystem /usr/lib64/gcc/x86_64-suse-linux/7/../../../../x86_64-suse-linux/include -internal-externc-isystem /include -internal-externc-isystem /usr/include -fdeprecated-macro -fdebug-compilation-dir=/global/u1/u/utkrisht/hw5/sobel-harness-instructional/build/CMakeFiles/CMakeTmp -ferror-limit 19 -fgnuc-version=4.2.1 -fcxx-exceptions -fexceptions -faddrsig -D__GCC_HAVE_DWARF2_CFI_ASM=1 -o CMakeFiles/cmTC_70ff3.dir/CMakeCXXCompilerABI.cpp.o -x c++ /global/common/cori_cle7/software/cmake/3.21.3/share/cmake-3.21/Modules/CMakeCXXCompilerABI.cpp
clang -cc1 version 13.0.0 based upon LLVM 13.0.0 default target x86_64-unknown-linux-gnu
ignoring nonexistent directory "/include"
#include "..." search starts here:
#include <...> search starts here:
 /usr/lib64/gcc/x86_64-suse-linux/7/../../../../include/c++/7
 /usr/lib64/gcc/x86_64-suse-linux/7/../../../../include/c++/7/x86_64-suse-linux
 /usr/lib64/gcc/x86_64-suse-linux/7/../../../../include/c++/7/backward
 /global/common/cori_cle7/software/llvm/13_rc3/lib/clang/13.0.0/include
 /usr/local/include
 /usr/lib64/gcc/x86_64-suse-linux/7/../../../../x86_64-suse-linux/include
 /usr/include
End of search list.
Linking CXX executable cmTC_70ff3
/global/common/cori_cle7/software/cmake/3.21.3/bin/cmake -E cmake_link_script CMakeFiles/cmTC_70ff3.dir/link.txt --verbose=1
/usr/common/software/llvm/13_rc3/bin/clang++  -v CMakeFiles/cmTC_70ff3.dir/CMakeCXXCompilerABI.cpp.o -o cmTC_70ff3 
clang version 13.0.0 (https://github.com/llvm/llvm-project.git f6b09e394a5fad4b33f8746195377f4f638e2c8d)
Target: x86_64-unknown-linux-gnu
Thread model: posix
InstalledDir: /usr/common/software/llvm/13_rc3/bin
Found candidate GCC installation: /usr/lib64/gcc/x86_64-suse-linux/7
Selected GCC installation: /usr/lib64/gcc/x86_64-suse-linux/7
Candidate multilib: .;@m64
Candidate multilib: 32;@m32
Selected multilib: .;@m64
Found CUDA installation: /global/common/cori_cle7/software/sles15_cgpu/cuda/11.2.1, version 11.2
 "/usr/lib64/gcc/x86_64-suse-linux/7/../../../../x86_64-suse-linux/bin/ld" --eh-frame-hdr -m elf_x86_64 -dynamic-linker /lib64/ld-linux-x86-64.so.2 -o cmTC_70ff3 /usr/lib64/gcc/x86_64-suse-linux/7/../../../../lib64/crt1.o /usr/lib64/gcc/x86_64-suse-linux/7/../../../../lib64/crti.o /usr/lib64/gcc/x86_64-suse-linux/7/crtbegin.o -L/usr/lib64/gcc/x86_64-suse-linux/7 -L/usr/lib64/gcc/x86_64-suse-linux/7/../../../../lib64 -L/lib/../lib64 -L/usr/lib/../lib64 -L/usr/lib64/gcc/x86_64-suse-linux/7/../../../../x86_64-suse-linux/lib -L/global/common/cori_cle7/software/llvm/13_rc3/bin/../lib -L/lib -L/usr/lib -L/usr/common/software/llvm/13_rc3/lib -L/usr/common/software/sles15_cgpu/gcc/8.3.0/lib64 CMakeFiles/cmTC_70ff3.dir/CMakeCXXCompilerABI.cpp.o -lstdc++ -lm -lgcc_s -lgcc -lc -lgcc_s -lgcc /usr/lib64/gcc/x86_64-suse-linux/7/crtend.o /usr/lib64/gcc/x86_64-suse-linux/7/../../../../lib64/crtn.o
gmake[1]: Leaving directory '/global/u1/u/utkrisht/hw5/sobel-harness-instructional/build/CMakeFiles/CMakeTmp'



Parsed CXX implicit include dir info from above output: rv=done
  found start of include info
  found start of implicit include info
    add: [/usr/lib64/gcc/x86_64-suse-linux/7/../../../../include/c++/7]
    add: [/usr/lib64/gcc/x86_64-suse-linux/7/../../../../include/c++/7/x86_64-suse-linux]
    add: [/usr/lib64/gcc/x86_64-suse-linux/7/../../../../include/c++/7/backward]
    add: [/global/common/cori_cle7/software/llvm/13_rc3/lib/clang/13.0.0/include]
    add: [/usr/local/include]
    add: [/usr/lib64/gcc/x86_64-suse-linux/7/../../../../x86_64-suse-linux/include]
    add: [/usr/include]
  end of search list found
  collapse include dir [/usr/lib64/gcc/x86_64-suse-linux/7/../../../../include/c++/7] ==> [/usr/include/c++/7]
  collapse include dir [/usr/lib64/gcc/x86_64-suse-linux/7/../../../../include/c++/7/x86_64-suse-linux] ==> [/usr/include/c++/7/x86_64-suse-linux]
  collapse include dir [/usr/lib64/gcc/x86_64-suse-linux/7/../../../../include/c++/7/backward] ==> [/usr/include/c++/7/backward]
  collapse include dir [/global/common/cori_cle7/software/llvm/13_rc3/lib/clang/13.0.0/include] ==> [/global/common/cori_cle7/software/llvm/13_rc3/lib/clang/13.0.0/include]
  collapse include dir [/usr/local/include] ==> [/usr/local/include]
  collapse include dir [/usr/lib64/gcc/x86_64-suse-linux/7/../../../../x86_64-suse-linux/include] ==> [/usr/x86_64-suse-linux/include]
  collapse include dir [/usr/include] ==> [/usr/include]
  implicit include dirs: [/usr/include/c++/7;/usr/include/c++/7/x86_64-suse-linux;/usr/include/c++/7/backward;/global/common/cori_cle7/software/llvm/13_rc3/lib/clang/13.0.0/include;/usr/local/include;/usr/x86_64-suse-linux/include;/usr/include]


Parsed CXX implicit link information from above output:
  link line regex: [^( *|.*[/\])(ld|CMAKE_LINK_STARTFILE-NOTFOUND|([^/\]+-)?ld|collect2)[^/\]*( |$)]
  ignore line: [Change Dir: /global/homes/u/utkrisht/hw5/sobel-harness-instructional/build/CMakeFiles/CMakeTmp]
  ignore line: []
  ignore line: [Run Build Command(s):/usr/bin/gmake -f Makefile cmTC_70ff3/fast && /usr/bin/gmake  -f CMakeFiles/cmTC_70ff3.dir/build.make CMakeFiles/cmTC_70ff3.dir/build]
  ignore line: [gmake[1]: Entering directory '/global/u1/u/utkrisht/hw5/sobel-harness-instructional/build/CMakeFiles/CMakeTmp']
  ignore line: [Building CXX object CMakeFiles/cmTC_70ff3.dir/CMakeCXXCompilerABI.cpp.o]
  ignore line: [/usr/common/software/llvm/13_rc3/bin/clang++   -v -MD -MT CMakeFiles/cmTC_70ff3.dir/CMakeCXXCompilerABI.cpp.o -MF CMakeFiles/cmTC_70ff3.dir/CMakeCXXCompilerABI.cpp.o.d -o CMakeFiles/cmTC_70ff3.dir/CMakeCXXCompilerABI.cpp.o -c /global/common/cori_cle7/software/cmake/3.21.3/share/cmake-3.21/Modules/CMakeCXXCompilerABI.cpp]
  ignore line: [clang version 13.0.0 (https://github.com/llvm/llvm-project.git f6b09e394a5fad4b33f8746195377f4f638e2c8d)]
  ignore line: [Target: x86_64-unknown-linux-gnu]
  ignore line: [Thread model: posix]
  ignore line: [InstalledDir: /usr/common/software/llvm/13_rc3/bin]
  ignore line: [Found candidate GCC installation: /usr/lib64/gcc/x86_64-suse-linux/7]
  ignore line: [Selected GCC installation: /usr/lib64/gcc/x86_64-suse-linux/7]
  ignore line: [Candidate multilib: .]
  ignore line: [@m64]
  ignore line: [Candidate multilib: 32]
  ignore line: [@m32]
  ignore line: [Selected multilib: .]
  ignore line: [@m64]
  ignore line: [Found CUDA installation: /global/common/cori_cle7/software/sles15_cgpu/cuda/11.2.1  version 11.2]
  ignore line: [ (in-process)]
  ignore line: [ "/global/common/cori_cle7/software/llvm/13_rc3/bin/clang-13" -cc1 -triple x86_64-unknown-linux-gnu -emit-obj -mrelax-all --mrelax-relocations -disable-free -disable-llvm-verifier -discard-value-names -main-file-name CMakeCXXCompilerABI.cpp -mrelocation-model static -mframe-pointer=all -fmath-errno -fno-rounding-math -mconstructor-aliases -munwind-tables -target-cpu x86-64 -tune-cpu generic -debugger-tuning=gdb -v -fcoverage-compilation-dir=/global/u1/u/utkrisht/hw5/sobel-harness-instructional/build/CMakeFiles/CMakeTmp -resource-dir /global/common/cori_cle7/software/llvm/13_rc3/lib/clang/13.0.0 -dependency-file CMakeFiles/cmTC_70ff3.dir/CMakeCXXCompilerABI.cpp.o.d -MT CMakeFiles/cmTC_70ff3.dir/CMakeCXXCompilerABI.cpp.o -sys-header-deps -internal-isystem /usr/lib64/gcc/x86_64-suse-linux/7/../../../../include/c++/7 -internal-isystem /usr/lib64/gcc/x86_64-suse-linux/7/../../../../include/c++/7/x86_64-suse-linux -internal-isystem /usr/lib64/gcc/x86_64-suse-linux/7/../../../../include/c++/7/backward -internal-isystem /global/common/cori_cle7/software/llvm/13_rc3/lib/clang/13.0.0/include -internal-isystem /usr/local/include -internal-isystem /usr/lib64/gcc/x86_64-suse-linux/7/../../../../x86_64-suse-linux/include -internal-externc-isystem /include -internal-externc-isystem /usr/include -fdeprecated-macro -fdebug-compilation-dir=/global/u1/u/utkrisht/hw5/sobel-harness-instructional/build/CMakeFiles/CMakeTmp -ferror-limit 19 -fgnuc-version=4.2.1 -fcxx-exceptions -fexceptions -faddrsig -D__GCC_HAVE_DWARF2_CFI_ASM=1 -o CMakeFiles/cmTC_70ff3.dir/CMakeCXXCompilerABI.cpp.o -x c++ /global/common/cori_cle7/software/cmake/3.21.3/share/cmake-3.21/Modules/CMakeCXXCompilerABI.cpp]
  ignore line: [clang -cc1 version 13.0.0 based upon LLVM 13.0.0 default target x86_64-unknown-linux-gnu]
  ignore line: [ignoring nonexistent directory "/include"]
  ignore line: [#include "..." search starts here:]
  ignore line: [#include <...> search starts here:]
  ignore line: [ /usr/lib64/gcc/x86_64-suse-linux/7/../../../../include/c++/7]
  ignore line: [ /usr/lib64/gcc/x86_64-suse-linux/7/../../../../include/c++/7/x86_64-suse-linux]
  ignore line: [ /usr/lib64/gcc/x86_64-suse-linux/7/../../../../include/c++/7/backward]
  ignore line: [ /global/common/cori_cle7/software/llvm/13_rc3/lib/clang/13.0.0/include]
  ignore line: [ /usr/local/include]
  ignore line: [ /usr/lib64/gcc/x86_64-suse-linux/7/../../../../x86_64-suse-linux/include]
  ignore line: [ /usr/include]
  ignore line: [End of search list.]
  ignore line: [Linking CXX executable cmTC_70ff3]
  ignore line: [/global/common/cori_cle7/software/cmake/3.21.3/bin/cmake -E cmake_link_script CMakeFiles/cmTC_70ff3.dir/link.txt --verbose=1]
  ignore line: [/usr/common/software/llvm/13_rc3/bin/clang++  -v CMakeFiles/cmTC_70ff3.dir/CMakeCXXCompilerABI.cpp.o -o cmTC_70ff3 ]
  ignore line: [clang version 13.0.0 (https://github.com/llvm/llvm-project.git f6b09e394a5fad4b33f8746195377f4f638e2c8d)]
  ignore line: [Target: x86_64-unknown-linux-gnu]
  ignore line: [Thread model: posix]
  ignore line: [InstalledDir: /usr/common/software/llvm/13_rc3/bin]
  ignore line: [Found candidate GCC installation: /usr/lib64/gcc/x86_64-suse-linux/7]
  ignore line: [Selected GCC installation: /usr/lib64/gcc/x86_64-suse-linux/7]
  ignore line: [Candidate multilib: .]
  ignore line: [@m64]
  ignore line: [Candidate multilib: 32]
  ignore line: [@m32]
  ignore line: [Selected multilib: .]
  ignore line: [@m64]
  ignore line: [Found CUDA installation: /global/common/cori_cle7/software/sles15_cgpu/cuda/11.2.1  version 11.2]
  link line: [ "/usr/lib64/gcc/x86_64-suse-linux/7/../../../../x86_64-suse-linux/bin/ld" --eh-frame-hdr -m elf_x86_64 -dynamic-linker /lib64/ld-linux-x86-64.so.2 -o cmTC_70ff3 /usr/lib64/gcc/x86_64-suse-linux/7/../../../../lib64/crt1.o /usr/lib64/gcc/x86_64-suse-linux/7/../../../../lib64/crti.o /usr/lib64/gcc/x86_64-suse-linux/7/crtbegin.o -L/usr/lib64/gcc/x86_64-suse-linux/7 -L/usr/lib64/gcc/x86_64-suse-linux/7/../../../../lib64 -L/lib/../lib64 -L/usr/lib/../lib64 -L/usr/lib64/gcc/x86_64-suse-linux/7/../../../../x86_64-suse-linux/lib -L/global/common/cori_cle7/software/llvm/13_rc3/bin/../lib -L/lib -L/usr/lib -L/usr/common/software/llvm/13_rc3/lib -L/usr/common/software/sles15_cgpu/gcc/8.3.0/lib64 CMakeFiles/cmTC_70ff3.dir/CMakeCXXCompilerABI.cpp.o -lstdc++ -lm -lgcc_s -lgcc -lc -lgcc_s -lgcc /usr/lib64/gcc/x86_64-suse-linux/7/crtend.o /usr/lib64/gcc/x86_64-suse-linux/7/../../../../lib64/crtn.o]
    arg [/usr/lib64/gcc/x86_64-suse-linux/7/../../../../x86_64-suse-linux/bin/ld] ==> ignore
    arg [--eh-frame-hdr] ==> ignore
    arg [-m] ==> ignore
    arg [elf_x86_64] ==> ignore
    arg [-dynamic-linker] ==> ignore
    arg [/lib64/ld-linux-x86-64.so.2] ==> ignore
    arg [-o] ==> ignore
    arg [cmTC_70ff3] ==> ignore
    arg [/usr/lib64/gcc/x86_64-suse-linux/7/../../../../lib64/crt1.o] ==> obj [/usr/lib64/gcc/x86_64-suse-linux/7/../../../../lib64/crt1.o]
    arg [/usr/lib64/gcc/x86_64-suse-linux/7/../../../../lib64/crti.o] ==> obj [/usr/lib64/gcc/x86_64-suse-linux/7/../../../../lib64/crti.o]
    arg [/usr/lib64/gcc/x86_64-suse-linux/7/crtbegin.o] ==> obj [/usr/lib64/gcc/x86_64-suse-linux/7/crtbegin.o]
    arg [-L/usr/lib64/gcc/x86_64-suse-linux/7] ==> dir [/usr/lib64/gcc/x86_64-suse-linux/7]
    arg [-L/usr/lib64/gcc/x86_64-suse-linux/7/../../../../lib64] ==> dir [/usr/lib64/gcc/x86_64-suse-linux/7/../../../../lib64]
    arg [-L/lib/../lib64] ==> dir [/lib/../lib64]
    arg [-L/usr/lib/../lib64] ==> dir [/usr/lib/../lib64]
    arg [-L/usr/lib64/gcc/x86_64-suse-linux/7/../../../../x86_64-suse-linux/lib] ==> dir [/usr/lib64/gcc/x86_64-suse-linux/7/../../../../x86_64-suse-linux/lib]
    arg [-L/global/common/cori_cle7/software/llvm/13_rc3/bin/../lib] ==> dir [/global/common/cori_cle7/software/llvm/13_rc3/bin/../lib]
    arg [-L/lib] ==> dir [/lib]
    arg [-L/usr/lib] ==> dir [/usr/lib]
    arg [-L/usr/common/software/llvm/13_rc3/lib] ==> dir [/usr/common/software/llvm/13_rc3/lib]
    arg [-L/usr/common/software/sles15_cgpu/gcc/8.3.0/lib64] ==> dir [/usr/common/software/sles15_cgpu/gcc/8.3.0/lib64]
    arg [CMakeFiles/cmTC_70ff3.dir/CMakeCXXCompilerABI.cpp.o] ==> ignore
    arg [-lstdc++] ==> lib [stdc++]
    arg [-lm] ==> lib [m]
    arg [-lgcc_s] ==> lib [gcc_s]
    arg [-lgcc] ==> lib [gcc]
    arg [-lc] ==> lib [c]
    arg [-lgcc_s] ==> lib [gcc_s]
    arg [-lgcc] ==> lib [gcc]
    arg [/usr/lib64/gcc/x86_64-suse-linux/7/crtend.o] ==> obj [/usr/lib64/gcc/x86_64-suse-linux/7/crtend.o]
    arg [/usr/lib64/gcc/x86_64-suse-linux/7/../../../../lib64/crtn.o] ==> obj [/usr/lib64/gcc/x86_64-suse-linux/7/../../../../lib64/crtn.o]
  collapse obj [/usr/lib64/gcc/x86_64-suse-linux/7/../../../../lib64/crt1.o] ==> [/usr/lib64/crt1.o]
  collapse obj [/usr/lib64/gcc/x86_64-suse-linux/7/../../../../lib64/crti.o] ==> [/usr/lib64/crti.o]
  collapse obj [/usr/lib64/gcc/x86_64-suse-linux/7/../../../../lib64/crtn.o] ==> [/usr/lib64/crtn.o]
  collapse library dir [/usr/lib64/gcc/x86_64-suse-linux/7] ==> [/usr/lib64/gcc/x86_64-suse-linux/7]
  collapse library dir [/usr/lib64/gcc/x86_64-suse-linux/7/../../../../lib64] ==> [/usr/lib64]
  collapse library dir [/lib/../lib64] ==> [/lib64]
  collapse library dir [/usr/lib/../lib64] ==> [/usr/lib64]
  collapse library dir [/usr/lib64/gcc/x86_64-suse-linux/7/../../../../x86_64-suse-linux/lib] ==> [/usr/x86_64-suse-linux/lib]
  collapse library dir [/global/common/cori_cle7/software/llvm/13_rc3/bin/../lib] ==> [/global/common/cori_cle7/software/llvm/13_rc3/lib]
  collapse library dir [/lib] ==> [/lib]
  collapse library dir [/usr/lib] ==> [/usr/lib]
  collapse library dir [/usr/common/software/llvm/13_rc3/lib] ==> [/usr/common/software/llvm/13_rc3/lib]
  collapse library dir [/usr/common/software/sles15_cgpu/gcc/8.3.0/lib64] ==> [/usr/common/software/sles15_cgpu/gcc/8.3.0/lib64]
  implicit libs: [stdc++;m;gcc_s;gcc;c;gcc_s;gcc]
  implicit objs: [/usr/lib64/crt1.o;/usr/lib64/crti.o;/usr/lib64/gcc/x86_64-suse-linux/7/crtbegin.o;/usr/lib64/gcc/x86_64-suse-linux/7/crtend.o;/usr/lib64/crtn.o]
  implicit dirs: [/usr/lib64/gcc/x86_64-suse-linux/7;/usr/lib64;/lib64;/usr/x86_64-suse-linux/lib;/global/common/cori_cle7/software/llvm/13_rc3/lib;/lib;/usr/lib;/usr/common/software/llvm/13_rc3/lib;/usr/common/software/sles15_cgpu/gcc/8.3.0/lib64]
  implicit fwks: []


Detecting CUDA compiler ABI info compiled with the following output:
Change Dir: /global/homes/u/utkrisht/hw5/sobel-harness-instructional/build/CMakeFiles/CMakeTmp

Run Build Command(s):/usr/bin/gmake -f Makefile cmTC_6a606/fast && /usr/bin/gmake  -f CMakeFiles/cmTC_6a606.dir/build.make CMakeFiles/cmTC_6a606.dir/build
gmake[1]: Entering directory '/global/u1/u/utkrisht/hw5/sobel-harness-instructional/build/CMakeFiles/CMakeTmp'
Building CUDA object CMakeFiles/cmTC_6a606.dir/CMakeCUDACompilerABI.cu.o
/usr/common/software/sles15_cgpu/cuda/11.2.1/bin/nvcc -forward-unknown-to-host-compiler   -Xcompiler=-v -MD -MT CMakeFiles/cmTC_6a606.dir/CMakeCUDACompilerABI.cu.o -MF CMakeFiles/cmTC_6a606.dir/CMakeCUDACompilerABI.cu.o.d -x cu -c /global/common/cori_cle7/software/cmake/3.21.3/share/cmake-3.21/Modules/CMakeCUDACompilerABI.cu -o CMakeFiles/cmTC_6a606.dir/CMakeCUDACompilerABI.cu.o
Using built-in specs.
COLLECT_GCC=gcc
Target: x86_64-pc-linux-gnu
Configured with: ./configure --prefix=/usr/common/software/sles15_cgpu/gcc/8.3.0 --enable-languages=c,c++,fortran --disable-multilib
Thread model: posix
gcc version 8.3.0 (GCC) 
COLLECT_GCC_OPTIONS='-D' '__CUDA_ARCH__=520' '-E' '-D' 'CUDA_DOUBLE_MATH_FUNCTIONS' '-D' '__CUDACC__' '-D' '__NVCC__' '-v' '-I' '/usr/common/software/sles15_cgpu/cuda/11.2.1/bin/../targets/x86_64-linux/include' '-D' '__CUDACC_VER_MAJOR__=11' '-D' '__CUDACC_VER_MINOR__=2' '-D' '__CUDACC_VER_BUILD__=142' '-D' '__CUDA_API_VER_MAJOR__=11' '-D' '__CUDA_API_VER_MINOR__=2' '-include' 'cuda_runtime.h' '-m64' '-o' '/tmp/tmpxft_00008246_00000000-7_CMakeCUDACompilerABI.cpp1.ii' '-mtune=generic' '-march=x86-64'
 /usr/common/software/sles15_cgpu/gcc/8.3.0/libexec/gcc/x86_64-pc-linux-gnu/8.3.0/cc1plus -E -quiet -v -I /usr/common/software/sles15_cgpu/cuda/11.2.1/bin/../targets/x86_64-linux/include -iprefix /global/common/cori_cle7/software/sles15_cgpu/gcc/8.3.0/bin/../lib/gcc/x86_64-pc-linux-gnu/8.3.0/ -D_GNU_SOURCE -D __CUDA_ARCH__=520 -D CUDA_DOUBLE_MATH_FUNCTIONS -D __CUDACC__ -D __NVCC__ -D __CUDACC_VER_MAJOR__=11 -D __CUDACC_VER_MINOR__=2 -D __CUDACC_VER_BUILD__=142 -D __CUDA_API_VER_MAJOR__=11 -D __CUDA_API_VER_MINOR__=2 -include cuda_runtime.h /global/common/cori_cle7/software/cmake/3.21.3/share/cmake-3.21/Modules/CMakeCUDACompilerABI.cu -o /tmp/tmpxft_00008246_00000000-7_CMakeCUDACompilerABI.cpp1.ii -m64 -mtune=generic -march=x86-64
ignoring nonexistent directory "/global/common/cori_cle7/software/sles15_cgpu/gcc/8.3.0/bin/../lib/gcc/x86_64-pc-linux-gnu/8.3.0/../../../../x86_64-pc-linux-gnu/include"
ignoring duplicate directory "/global/common/cori_cle7/software/sles15_cgpu/gcc/8.3.0/bin/../lib/gcc/../../lib/gcc/x86_64-pc-linux-gnu/8.3.0/../../../../include/c++/8.3.0"
ignoring duplicate directory "/global/common/cori_cle7/software/sles15_cgpu/gcc/8.3.0/bin/../lib/gcc/../../lib/gcc/x86_64-pc-linux-gnu/8.3.0/../../../../include/c++/8.3.0/x86_64-pc-linux-gnu"
ignoring duplicate directory "/global/common/cori_cle7/software/sles15_cgpu/gcc/8.3.0/bin/../lib/gcc/../../lib/gcc/x86_64-pc-linux-gnu/8.3.0/../../../../include/c++/8.3.0/backward"
ignoring duplicate directory "/global/common/cori_cle7/software/sles15_cgpu/gcc/8.3.0/bin/../lib/gcc/../../lib/gcc/x86_64-pc-linux-gnu/8.3.0/include"
ignoring duplicate directory "/global/common/cori_cle7/software/sles15_cgpu/gcc/8.3.0/bin/../lib/gcc/../../lib/gcc/x86_64-pc-linux-gnu/8.3.0/include-fixed"
ignoring nonexistent directory "/global/common/cori_cle7/software/sles15_cgpu/gcc/8.3.0/bin/../lib/gcc/../../lib/gcc/x86_64-pc-linux-gnu/8.3.0/../../../../x86_64-pc-linux-gnu/include"
#include "..." search starts here:
#include <...> search starts here:
 /usr/common/software/sles15_cgpu/cuda/11.2.1/bin/../targets/x86_64-linux/include
 /global/common/cori_cle7/software/sles15_cgpu/gcc/8.3.0/bin/../lib/gcc/x86_64-pc-linux-gnu/8.3.0/../../../../include/c++/8.3.0
 /global/common/cori_cle7/software/sles15_cgpu/gcc/8.3.0/bin/../lib/gcc/x86_64-pc-linux-gnu/8.3.0/../../../../include/c++/8.3.0/x86_64-pc-linux-gnu
 /global/common/cori_cle7/software/sles15_cgpu/gcc/8.3.0/bin/../lib/gcc/x86_64-pc-linux-gnu/8.3.0/../../../../include/c++/8.3.0/backward
 /global/common/cori_cle7/software/sles15_cgpu/gcc/8.3.0/bin/../lib/gcc/x86_64-pc-linux-gnu/8.3.0/include
 /global/common/cori_cle7/software/sles15_cgpu/gcc/8.3.0/bin/../lib/gcc/x86_64-pc-linux-gnu/8.3.0/include-fixed
 /usr/local/include
 /global/common/cori_cle7/software/sles15_cgpu/gcc/8.3.0/bin/../lib/gcc/../../include
 /usr/include
End of search list.
COMPILER_PATH=/usr/common/software/sles15_cgpu/gcc/8.3.0/libexec/gcc/x86_64-pc-linux-gnu/8.3.0/:/usr/common/software/sles15_cgpu/gcc/8.3.0/libexec/gcc/
LIBRARY_PATH=/usr/common/software/sles15_cgpu/gcc/8.3.0/lib/gcc/x86_64-pc-linux-gnu/8.3.0/:/usr/common/software/sles15_cgpu/gcc/8.3.0/lib/gcc/:/usr/common/software/sles15_cgpu/gcc/8.3.0/lib64/../lib64/:/global/common/cori_cle7/software/sles15_cgpu/gcc/8.3.0/bin/../lib/gcc/x86_64-pc-linux-gnu/8.3.0/../../../../lib64/:/lib/../lib64/:/usr/lib/../lib64/:/usr/common/software/llvm/13_rc3/lib/:/usr/common/software/sles15_cgpu/gcc/8.3.0/lib64/:/global/common/cori_cle7/software/sles15_cgpu/gcc/8.3.0/bin/../lib/gcc/x86_64-pc-linux-gnu/8.3.0/../../../:/lib/:/usr/lib/
COLLECT_GCC_OPTIONS='-D' '__CUDA_ARCH__=520' '-E' '-D' 'CUDA_DOUBLE_MATH_FUNCTIONS' '-D' '__CUDACC__' '-D' '__NVCC__' '-v' '-I' '/usr/common/software/sles15_cgpu/cuda/11.2.1/bin/../targets/x86_64-linux/include' '-D' '__CUDACC_VER_MAJOR__=11' '-D' '__CUDACC_VER_MINOR__=2' '-D' '__CUDACC_VER_BUILD__=142' '-D' '__CUDA_API_VER_MAJOR__=11' '-D' '__CUDA_API_VER_MINOR__=2' '-include' 'cuda_runtime.h' '-m64' '-o' '/tmp/tmpxft_00008246_00000000-7_CMakeCUDACompilerABI.cpp1.ii' '-mtune=generic' '-march=x86-64'
Using built-in specs.
COLLECT_GCC=gcc
Target: x86_64-pc-linux-gnu
Configured with: ./configure --prefix=/usr/common/software/sles15_cgpu/gcc/8.3.0 --enable-languages=c,c++,fortran --disable-multilib
Thread model: posix
gcc version 8.3.0 (GCC) 
COLLECT_GCC_OPTIONS='-E' '-D' '__CUDACC__' '-D' '__NVCC__' '-v' '-I' '/usr/common/software/sles15_cgpu/cuda/11.2.1/bin/../targets/x86_64-linux/include' '-D' '__CUDACC_VER_MAJOR__=11' '-D' '__CUDACC_VER_MINOR__=2' '-D' '__CUDACC_VER_BUILD__=142' '-D' '__CUDA_API_VER_MAJOR__=11' '-D' '__CUDA_API_VER_MINOR__=2' '-include' 'cuda_runtime.h' '-m64' '-o' '/tmp/tmpxft_00008246_00000000-5_CMakeCUDACompilerABI.cpp4.ii' '-mtune=generic' '-march=x86-64'
 /usr/common/software/sles15_cgpu/gcc/8.3.0/libexec/gcc/x86_64-pc-linux-gnu/8.3.0/cc1plus -E -quiet -v -I /usr/common/software/sles15_cgpu/cuda/11.2.1/bin/../targets/x86_64-linux/include -iprefix /global/common/cori_cle7/software/sles15_cgpu/gcc/8.3.0/bin/../lib/gcc/x86_64-pc-linux-gnu/8.3.0/ -D_GNU_SOURCE -D __CUDACC__ -D __NVCC__ -D __CUDACC_VER_MAJOR__=11 -D __CUDACC_VER_MINOR__=2 -D __CUDACC_VER_BUILD__=142 -D __CUDA_API_VER_MAJOR__=11 -D __CUDA_API_VER_MINOR__=2 -include cuda_runtime.h /global/common/cori_cle7/software/cmake/3.21.3/share/cmake-3.21/Modules/CMakeCUDACompilerABI.cu -o /tmp/tmpxft_00008246_00000000-5_CMakeCUDACompilerABI.cpp4.ii -m64 -mtune=generic -march=x86-64
ignoring nonexistent directory "/global/common/cori_cle7/software/sles15_cgpu/gcc/8.3.0/bin/../lib/gcc/x86_64-pc-linux-gnu/8.3.0/../../../../x86_64-pc-linux-gnu/include"
ignoring duplicate directory "/global/common/cori_cle7/software/sles15_cgpu/gcc/8.3.0/bin/../lib/gcc/../../lib/gcc/x86_64-pc-linux-gnu/8.3.0/../../../../include/c++/8.3.0"
ignoring duplicate directory "/global/common/cori_cle7/software/sles15_cgpu/gcc/8.3.0/bin/../lib/gcc/../../lib/gcc/x86_64-pc-linux-gnu/8.3.0/../../../../include/c++/8.3.0/x86_64-pc-linux-gnu"
ignoring duplicate directory "/global/common/cori_cle7/software/sles15_cgpu/gcc/8.3.0/bin/../lib/gcc/../../lib/gcc/x86_64-pc-linux-gnu/8.3.0/../../../../include/c++/8.3.0/backward"
ignoring duplicate directory "/global/common/cori_cle7/software/sles15_cgpu/gcc/8.3.0/bin/../lib/gcc/../../lib/gcc/x86_64-pc-linux-gnu/8.3.0/include"
ignoring duplicate directory "/global/common/cori_cle7/software/sles15_cgpu/gcc/8.3.0/bin/../lib/gcc/../../lib/gcc/x86_64-pc-linux-gnu/8.3.0/include-fixed"
ignoring nonexistent directory "/global/common/cori_cle7/software/sles15_cgpu/gcc/8.3.0/bin/../lib/gcc/../../lib/gcc/x86_64-pc-linux-gnu/8.3.0/../../../../x86_64-pc-linux-gnu/include"
#include "..." search starts here:
#include <...> search starts here:
 /usr/common/software/sles15_cgpu/cuda/11.2.1/bin/../targets/x86_64-linux/include
 /global/common/cori_cle7/software/sles15_cgpu/gcc/8.3.0/bin/../lib/gcc/x86_64-pc-linux-gnu/8.3.0/../../../../include/c++/8.3.0
 /global/common/cori_cle7/software/sles15_cgpu/gcc/8.3.0/bin/../lib/gcc/x86_64-pc-linux-gnu/8.3.0/../../../../include/c++/8.3.0/x86_64-pc-linux-gnu
 /global/common/cori_cle7/software/sles15_cgpu/gcc/8.3.0/bin/../lib/gcc/x86_64-pc-linux-gnu/8.3.0/../../../../include/c++/8.3.0/backward
 /global/common/cori_cle7/software/sles15_cgpu/gcc/8.3.0/bin/../lib/gcc/x86_64-pc-linux-gnu/8.3.0/include
 /global/common/cori_cle7/software/sles15_cgpu/gcc/8.3.0/bin/../lib/gcc/x86_64-pc-linux-gnu/8.3.0/include-fixed
 /usr/local/include
 /global/common/cori_cle7/software/sles15_cgpu/gcc/8.3.0/bin/../lib/gcc/../../include
 /usr/include
End of search list.
COMPILER_PATH=/usr/common/software/sles15_cgpu/gcc/8.3.0/libexec/gcc/x86_64-pc-linux-gnu/8.3.0/:/usr/common/software/sles15_cgpu/gcc/8.3.0/libexec/gcc/
LIBRARY_PATH=/usr/common/software/sles15_cgpu/gcc/8.3.0/lib/gcc/x86_64-pc-linux-gnu/8.3.0/:/usr/common/software/sles15_cgpu/gcc/8.3.0/lib/gcc/:/usr/common/software/sles15_cgpu/gcc/8.3.0/lib64/../lib64/:/global/common/cori_cle7/software/sles15_cgpu/gcc/8.3.0/bin/../lib/gcc/x86_64-pc-linux-gnu/8.3.0/../../../../lib64/:/lib/../lib64/:/usr/lib/../lib64/:/usr/common/software/llvm/13_rc3/lib/:/usr/common/software/sles15_cgpu/gcc/8.3.0/lib64/:/global/common/cori_cle7/software/sles15_cgpu/gcc/8.3.0/bin/../lib/gcc/x86_64-pc-linux-gnu/8.3.0/../../../:/lib/:/usr/lib/
COLLECT_GCC_OPTIONS='-E' '-D' '__CUDACC__' '-D' '__NVCC__' '-v' '-I' '/usr/common/software/sles15_cgpu/cuda/11.2.1/bin/../targets/x86_64-linux/include' '-D' '__CUDACC_VER_MAJOR__=11' '-D' '__CUDACC_VER_MINOR__=2' '-D' '__CUDACC_VER_BUILD__=142' '-D' '__CUDA_API_VER_MAJOR__=11' '-D' '__CUDA_API_VER_MINOR__=2' '-include' 'cuda_runtime.h' '-m64' '-o' '/tmp/tmpxft_00008246_00000000-5_CMakeCUDACompilerABI.cpp4.ii' '-mtune=generic' '-march=x86-64'
Using built-in specs.
COLLECT_GCC=gcc
Target: x86_64-pc-linux-gnu
Configured with: ./configure --prefix=/usr/common/software/sles15_cgpu/gcc/8.3.0 --enable-languages=c,c++,fortran --disable-multilib
Thread model: posix
gcc version 8.3.0 (GCC) 
COLLECT_GCC_OPTIONS='-D' '__CUDA_ARCH__=520' '-c' '-D' 'CUDA_DOUBLE_MATH_FUNCTIONS' '-v' '-I' '/usr/common/software/sles15_cgpu/cuda/11.2.1/bin/../targets/x86_64-linux/include' '-m64' '-o' 'CMakeFiles/cmTC_6a606.dir/CMakeCUDACompilerABI.cu.o' '-mtune=generic' '-march=x86-64'
 /usr/common/software/sles15_cgpu/gcc/8.3.0/libexec/gcc/x86_64-pc-linux-gnu/8.3.0/cc1plus -quiet -v -I /usr/common/software/sles15_cgpu/cuda/11.2.1/bin/../targets/x86_64-linux/include -iprefix /global/common/cori_cle7/software/sles15_cgpu/gcc/8.3.0/bin/../lib/gcc/x86_64-pc-linux-gnu/8.3.0/ -D_GNU_SOURCE -D __CUDA_ARCH__=520 -D CUDA_DOUBLE_MATH_FUNCTIONS /tmp/tmpxft_00008246_00000000-6_CMakeCUDACompilerABI.cudafe1.cpp -quiet -dumpbase tmpxft_00008246_00000000-6_CMakeCUDACompilerABI.cudafe1.cpp -m64 -mtune=generic -march=x86-64 -auxbase-strip CMakeFiles/cmTC_6a606.dir/CMakeCUDACompilerABI.cu.o -version -o /tmp/ccs2xvG7.s
GNU C++14 (GCC) version 8.3.0 (x86_64-pc-linux-gnu)
	compiled by GNU C version 8.3.0, GMP version 6.2.0, MPFR version 4.1.0, MPC version 1.2.0, isl version none
GGC heuristics: --param ggc-min-expand=100 --param ggc-min-heapsize=131072
ignoring nonexistent directory "/global/common/cori_cle7/software/sles15_cgpu/gcc/8.3.0/bin/../lib/gcc/x86_64-pc-linux-gnu/8.3.0/../../../../x86_64-pc-linux-gnu/include"
ignoring duplicate directory "/global/common/cori_cle7/software/sles15_cgpu/gcc/8.3.0/bin/../lib/gcc/../../lib/gcc/x86_64-pc-linux-gnu/8.3.0/../../../../include/c++/8.3.0"
ignoring duplicate directory "/global/common/cori_cle7/software/sles15_cgpu/gcc/8.3.0/bin/../lib/gcc/../../lib/gcc/x86_64-pc-linux-gnu/8.3.0/../../../../include/c++/8.3.0/x86_64-pc-linux-gnu"
ignoring duplicate directory "/global/common/cori_cle7/software/sles15_cgpu/gcc/8.3.0/bin/../lib/gcc/../../lib/gcc/x86_64-pc-linux-gnu/8.3.0/../../../../include/c++/8.3.0/backward"
ignoring duplicate directory "/global/common/cori_cle7/software/sles15_cgpu/gcc/8.3.0/bin/../lib/gcc/../../lib/gcc/x86_64-pc-linux-gnu/8.3.0/include"
ignoring duplicate directory "/global/common/cori_cle7/software/sles15_cgpu/gcc/8.3.0/bin/../lib/gcc/../../lib/gcc/x86_64-pc-linux-gnu/8.3.0/include-fixed"
ignoring nonexistent directory "/global/common/cori_cle7/software/sles15_cgpu/gcc/8.3.0/bin/../lib/gcc/../../lib/gcc/x86_64-pc-linux-gnu/8.3.0/../../../../x86_64-pc-linux-gnu/include"
#include "..." search starts here:
#include <...> search starts here:
 /usr/common/software/sles15_cgpu/cuda/11.2.1/bin/../targets/x86_64-linux/include
 /global/common/cori_cle7/software/sles15_cgpu/gcc/8.3.0/bin/../lib/gcc/x86_64-pc-linux-gnu/8.3.0/../../../../include/c++/8.3.0
 /global/common/cori_cle7/software/sles15_cgpu/gcc/8.3.0/bin/../lib/gcc/x86_64-pc-linux-gnu/8.3.0/../../../../include/c++/8.3.0/x86_64-pc-linux-gnu
 /global/common/cori_cle7/software/sles15_cgpu/gcc/8.3.0/bin/../lib/gcc/x86_64-pc-linux-gnu/8.3.0/../../../../include/c++/8.3.0/backward
 /global/common/cori_cle7/software/sles15_cgpu/gcc/8.3.0/bin/../lib/gcc/x86_64-pc-linux-gnu/8.3.0/include
 /global/common/cori_cle7/software/sles15_cgpu/gcc/8.3.0/bin/../lib/gcc/x86_64-pc-linux-gnu/8.3.0/include-fixed
 /usr/local/include
 /global/common/cori_cle7/software/sles15_cgpu/gcc/8.3.0/bin/../lib/gcc/../../include
 /usr/include
End of search list.
GNU C++14 (GCC) version 8.3.0 (x86_64-pc-linux-gnu)
	compiled by GNU C version 8.3.0, GMP version 6.2.0, MPFR version 4.1.0, MPC version 1.2.0, isl version none
GGC heuristics: --param ggc-min-expand=100 --param ggc-min-heapsize=131072
Compiler executable checksum: 2ed53ceeb3e69585b2c7e2af3e86abd5
COLLECT_GCC_OPTIONS='-D' '__CUDA_ARCH__=520' '-c' '-D' 'CUDA_DOUBLE_MATH_FUNCTIONS' '-v' '-I' '/usr/common/software/sles15_cgpu/cuda/11.2.1/bin/../targets/x86_64-linux/include' '-m64' '-o' 'CMakeFiles/cmTC_6a606.dir/CMakeCUDACompilerABI.cu.o' '-mtune=generic' '-march=x86-64'
 as -v -I /usr/common/software/sles15_cgpu/cuda/11.2.1/bin/../targets/x86_64-linux/include --64 -o CMakeFiles/cmTC_6a606.dir/CMakeCUDACompilerABI.cu.o /tmp/ccs2xvG7.s
GNU assembler version 2.32.0 (x86_64-suse-linux) using BFD version (GNU Binutils; openSUSE Leap 15.0) 2.32.0.20190909-lp150.10
COMPILER_PATH=/usr/common/software/sles15_cgpu/gcc/8.3.0/libexec/gcc/x86_64-pc-linux-gnu/8.3.0/:/usr/common/software/sles15_cgpu/gcc/8.3.0/libexec/gcc/
LIBRARY_PATH=/usr/common/software/sles15_cgpu/gcc/8.3.0/lib/gcc/x86_64-pc-linux-gnu/8.3.0/:/usr/common/software/sles15_cgpu/gcc/8.3.0/lib/gcc/:/usr/common/software/sles15_cgpu/gcc/8.3.0/lib64/../lib64/:/global/common/cori_cle7/software/sles15_cgpu/gcc/8.3.0/bin/../lib/gcc/x86_64-pc-linux-gnu/8.3.0/../../../../lib64/:/lib/../lib64/:/usr/lib/../lib64/:/usr/common/software/llvm/13_rc3/lib/:/usr/common/software/sles15_cgpu/gcc/8.3.0/lib64/:/global/common/cori_cle7/software/sles15_cgpu/gcc/8.3.0/bin/../lib/gcc/x86_64-pc-linux-gnu/8.3.0/../../../:/lib/:/usr/lib/
COLLECT_GCC_OPTIONS='-D' '__CUDA_ARCH__=520' '-c' '-D' 'CUDA_DOUBLE_MATH_FUNCTIONS' '-v' '-I' '/usr/common/software/sles15_cgpu/cuda/11.2.1/bin/../targets/x86_64-linux/include' '-m64' '-o' 'CMakeFiles/cmTC_6a606.dir/CMakeCUDACompilerABI.cu.o' '-mtune=generic' '-march=x86-64'
Linking CUDA executable cmTC_6a606
/global/common/cori_cle7/software/cmake/3.21.3/bin/cmake -E cmake_link_script CMakeFiles/cmTC_6a606.dir/link.txt --verbose=1
/usr/common/software/sles15_cgpu/gcc/8.3.0/bin/g++  -v CMakeFiles/cmTC_6a606.dir/CMakeCUDACompilerABI.cu.o -o cmTC_6a606  -lcudadevrt -lcudart_static -lrt -lpthread -ldl  -L"/usr/common/software/sles15_cgpu/cuda/11.2.1/targets/x86_64-linux/lib/stubs" -L"/usr/common/software/sles15_cgpu/cuda/11.2.1/targets/x86_64-linux/lib"
Using built-in specs.
COLLECT_GCC=/usr/common/software/sles15_cgpu/gcc/8.3.0/bin/g++
COLLECT_LTO_WRAPPER=/usr/common/software/sles15_cgpu/gcc/8.3.0/libexec/gcc/x86_64-pc-linux-gnu/8.3.0/lto-wrapper
Target: x86_64-pc-linux-gnu
Configured with: ./configure --prefix=/usr/common/software/sles15_cgpu/gcc/8.3.0 --enable-languages=c,c++,fortran --disable-multilib
Thread model: posix
gcc version 8.3.0 (GCC) 
COMPILER_PATH=/usr/common/software/sles15_cgpu/gcc/8.3.0/libexec/gcc/x86_64-pc-linux-gnu/8.3.0/:/usr/common/software/sles15_cgpu/gcc/8.3.0/libexec/gcc/
LIBRARY_PATH=/usr/common/software/sles15_cgpu/gcc/8.3.0/lib/gcc/x86_64-pc-linux-gnu/8.3.0/:/usr/common/software/sles15_cgpu/gcc/8.3.0/lib/gcc/:/usr/common/software/sles15_cgpu/gcc/8.3.0/lib64/../lib64/:/global/common/cori_cle7/software/sles15_cgpu/gcc/8.3.0/bin/../lib/gcc/x86_64-pc-linux-gnu/8.3.0/../../../../lib64/:/lib/../lib64/:/usr/lib/../lib64/:/usr/common/software/llvm/13_rc3/lib/:/usr/common/software/sles15_cgpu/gcc/8.3.0/lib64/:/global/common/cori_cle7/software/sles15_cgpu/gcc/8.3.0/bin/../lib/gcc/x86_64-pc-linux-gnu/8.3.0/../../../:/lib/:/usr/lib/
COLLECT_GCC_OPTIONS='-v' '-o' 'cmTC_6a606' '-L/usr/common/software/sles15_cgpu/cuda/11.2.1/targets/x86_64-linux/lib/stubs' '-L/usr/common/software/sles15_cgpu/cuda/11.2.1/targets/x86_64-linux/lib' '-shared-libgcc' '-mtune=generic' '-march=x86-64'
 /usr/common/software/sles15_cgpu/gcc/8.3.0/libexec/gcc/x86_64-pc-linux-gnu/8.3.0/collect2 -plugin /usr/common/software/sles15_cgpu/gcc/8.3.0/libexec/gcc/x86_64-pc-linux-gnu/8.3.0/liblto_plugin.so -plugin-opt=/usr/common/software/sles15_cgpu/gcc/8.3.0/libexec/gcc/x86_64-pc-linux-gnu/8.3.0/lto-wrapper -plugin-opt=-fresolution=/tmp/cc7eupTj.res -plugin-opt=-pass-through=-lgcc_s -plugin-opt=-pass-through=-lgcc -plugin-opt=-pass-through=-lc -plugin-opt=-pass-through=-lgcc_s -plugin-opt=-pass-through=-lgcc --eh-frame-hdr -m elf_x86_64 -dynamic-linker /lib64/ld-linux-x86-64.so.2 -o cmTC_6a606 /usr/lib/../lib64/crt1.o /usr/lib/../lib64/crti.o /usr/common/software/sles15_cgpu/gcc/8.3.0/lib/gcc/x86_64-pc-linux-gnu/8.3.0/crtbegin.o -L/usr/common/software/sles15_cgpu/cuda/11.2.1/targets/x86_64-linux/lib/stubs -L/usr/common/software/sles15_cgpu/cuda/11.2.1/targets/x86_64-linux/lib -L/usr/common/software/sles15_cgpu/gcc/8.3.0/lib/gcc/x86_64-pc-linux-gnu/8.3.0 -L/usr/common/software/sles15_cgpu/gcc/8.3.0/lib/gcc -L/usr/common/software/sles15_cgpu/gcc/8.3.0/lib64/../lib64 -L/global/common/cori_cle7/software/sles15_cgpu/gcc/8.3.0/bin/../lib/gcc/x86_64-pc-linux-gnu/8.3.0/../../../../lib64 -L/lib/../lib64 -L/usr/lib/../lib64 -L/usr/common/software/llvm/13_rc3/lib -L/usr/common/software/sles15_cgpu/gcc/8.3.0/lib64 -L/global/common/cori_cle7/software/sles15_cgpu/gcc/8.3.0/bin/../lib/gcc/x86_64-pc-linux-gnu/8.3.0/../../.. CMakeFiles/cmTC_6a606.dir/CMakeCUDACompilerABI.cu.o -lcudadevrt -lcudart_static -lrt -lpthread -ldl -lstdc++ -lm -lgcc_s -lgcc -lc -lgcc_s -lgcc /usr/common/software/sles15_cgpu/gcc/8.3.0/lib/gcc/x86_64-pc-linux-gnu/8.3.0/crtend.o /usr/lib/../lib64/crtn.o
COLLECT_GCC_OPTIONS='-v' '-o' 'cmTC_6a606' '-L/usr/common/software/sles15_cgpu/cuda/11.2.1/targets/x86_64-linux/lib/stubs' '-L/usr/common/software/sles15_cgpu/cuda/11.2.1/targets/x86_64-linux/lib' '-shared-libgcc' '-mtune=generic' '-march=x86-64'
gmake[1]: Leaving directory '/global/u1/u/utkrisht/hw5/sobel-harness-instructional/build/CMakeFiles/CMakeTmp'



Parsed CUDA implicit include dir info from above output: rv=done
  found start of include info
  found start of implicit include info
    add: [/usr/common/software/sles15_cgpu/cuda/11.2.1/bin/../targets/x86_64-linux/include]
    add: [/global/common/cori_cle7/software/sles15_cgpu/gcc/8.3.0/bin/../lib/gcc/x86_64-pc-linux-gnu/8.3.0/../../../../include/c++/8.3.0]
    add: [/global/common/cori_cle7/software/sles15_cgpu/gcc/8.3.0/bin/../lib/gcc/x86_64-pc-linux-gnu/8.3.0/../../../../include/c++/8.3.0/x86_64-pc-linux-gnu]
    add: [/global/common/cori_cle7/software/sles15_cgpu/gcc/8.3.0/bin/../lib/gcc/x86_64-pc-linux-gnu/8.3.0/../../../../include/c++/8.3.0/backward]
    add: [/global/common/cori_cle7/software/sles15_cgpu/gcc/8.3.0/bin/../lib/gcc/x86_64-pc-linux-gnu/8.3.0/include]
    add: [/global/common/cori_cle7/software/sles15_cgpu/gcc/8.3.0/bin/../lib/gcc/x86_64-pc-linux-gnu/8.3.0/include-fixed]
    add: [/usr/local/include]
    add: [/global/common/cori_cle7/software/sles15_cgpu/gcc/8.3.0/bin/../lib/gcc/../../include]
    add: [/usr/include]
  end of search list found
  collapse include dir [/usr/common/software/sles15_cgpu/cuda/11.2.1/bin/../targets/x86_64-linux/include] ==> [/usr/common/software/sles15_cgpu/cuda/11.2.1/targets/x86_64-linux/include]
  collapse include dir [/global/common/cori_cle7/software/sles15_cgpu/gcc/8.3.0/bin/../lib/gcc/x86_64-pc-linux-gnu/8.3.0/../../../../include/c++/8.3.0] ==> [/global/common/cori_cle7/software/sles15_cgpu/gcc/8.3.0/include/c++/8.3.0]
  collapse include dir [/global/common/cori_cle7/software/sles15_cgpu/gcc/8.3.0/bin/../lib/gcc/x86_64-pc-linux-gnu/8.3.0/../../../../include/c++/8.3.0/x86_64-pc-linux-gnu] ==> [/global/common/cori_cle7/software/sles15_cgpu/gcc/8.3.0/include/c++/8.3.0/x86_64-pc-linux-gnu]
  collapse include dir [/global/common/cori_cle7/software/sles15_cgpu/gcc/8.3.0/bin/../lib/gcc/x86_64-pc-linux-gnu/8.3.0/../../../../include/c++/8.3.0/backward] ==> [/global/common/cori_cle7/software/sles15_cgpu/gcc/8.3.0/include/c++/8.3.0/backward]
  collapse include dir [/global/common/cori_cle7/software/sles15_cgpu/gcc/8.3.0/bin/../lib/gcc/x86_64-pc-linux-gnu/8.3.0/include] ==> [/global/common/cori_cle7/software/sles15_cgpu/gcc/8.3.0/lib/gcc/x86_64-pc-linux-gnu/8.3.0/include]
  collapse include dir [/global/common/cori_cle7/software/sles15_cgpu/gcc/8.3.0/bin/../lib/gcc/x86_64-pc-linux-gnu/8.3.0/include-fixed] ==> [/global/common/cori_cle7/software/sles15_cgpu/gcc/8.3.0/lib/gcc/x86_64-pc-linux-gnu/8.3.0/include-fixed]
  collapse include dir [/usr/local/include] ==> [/usr/local/include]
  collapse include dir [/global/common/cori_cle7/software/sles15_cgpu/gcc/8.3.0/bin/../lib/gcc/../../include] ==> [/global/common/cori_cle7/software/sles15_cgpu/gcc/8.3.0/include]
  collapse include dir [/usr/include] ==> [/usr/include]
  implicit include dirs: [/usr/common/software/sles15_cgpu/cuda/11.2.1/targets/x86_64-linux/include;/global/common/cori_cle7/software/sles15_cgpu/gcc/8.3.0/include/c++/8.3.0;/global/common/cori_cle7/software/sles15_cgpu/gcc/8.3.0/include/c++/8.3.0/x86_64-pc-linux-gnu;/global/common/cori_cle7/software/sles15_cgpu/gcc/8.3.0/include/c++/8.3.0/backward;/global/common/cori_cle7/software/sles15_cgpu/gcc/8.3.0/lib/gcc/x86_64-pc-linux-gnu/8.3.0/include;/global/common/cori_cle7/software/sles15_cgpu/gcc/8.3.0/lib/gcc/x86_64-pc-linux-gnu/8.3.0/include-fixed;/usr/local/include;/global/common/cori_cle7/software/sles15_cgpu/gcc/8.3.0/include;/usr/include]


Parsed CUDA implicit link information from above output:
  link line regex: [^( *|.*[/\])(ld|CMAKE_LINK_STARTFILE-NOTFOUND|([^/\]+-)?ld|collect2)[^/\]*( |$)]
  ignore line: [Change Dir: /global/homes/u/utkrisht/hw5/sobel-harness-instructional/build/CMakeFiles/CMakeTmp]
  ignore line: []
  ignore line: [Run Build Command(s):/usr/bin/gmake -f Makefile cmTC_6a606/fast && /usr/bin/gmake  -f CMakeFiles/cmTC_6a606.dir/build.make CMakeFiles/cmTC_6a606.dir/build]
  ignore line: [gmake[1]: Entering directory '/global/u1/u/utkrisht/hw5/sobel-harness-instructional/build/CMakeFiles/CMakeTmp']
  ignore line: [Building CUDA object CMakeFiles/cmTC_6a606.dir/CMakeCUDACompilerABI.cu.o]
  ignore line: [/usr/common/software/sles15_cgpu/cuda/11.2.1/bin/nvcc -forward-unknown-to-host-compiler   -Xcompiler=-v -MD -MT CMakeFiles/cmTC_6a606.dir/CMakeCUDACompilerABI.cu.o -MF CMakeFiles/cmTC_6a606.dir/CMakeCUDACompilerABI.cu.o.d -x cu -c /global/common/cori_cle7/software/cmake/3.21.3/share/cmake-3.21/Modules/CMakeCUDACompilerABI.cu -o CMakeFiles/cmTC_6a606.dir/CMakeCUDACompilerABI.cu.o]
  ignore line: [Using built-in specs.]
  ignore line: [COLLECT_GCC=gcc]
  ignore line: [Target: x86_64-pc-linux-gnu]
  ignore line: [Configured with: ./configure --prefix=/usr/common/software/sles15_cgpu/gcc/8.3.0 --enable-languages=c c++ fortran --disable-multilib]
  ignore line: [Thread model: posix]
  ignore line: [gcc version 8.3.0 (GCC) ]
  ignore line: [COLLECT_GCC_OPTIONS='-D' '__CUDA_ARCH__=520' '-E' '-D' 'CUDA_DOUBLE_MATH_FUNCTIONS' '-D' '__CUDACC__' '-D' '__NVCC__' '-v' '-I' '/usr/common/software/sles15_cgpu/cuda/11.2.1/bin/../targets/x86_64-linux/include' '-D' '__CUDACC_VER_MAJOR__=11' '-D' '__CUDACC_VER_MINOR__=2' '-D' '__CUDACC_VER_BUILD__=142' '-D' '__CUDA_API_VER_MAJOR__=11' '-D' '__CUDA_API_VER_MINOR__=2' '-include' 'cuda_runtime.h' '-m64' '-o' '/tmp/tmpxft_00008246_00000000-7_CMakeCUDACompilerABI.cpp1.ii' '-mtune=generic' '-march=x86-64']
  ignore line: [ /usr/common/software/sles15_cgpu/gcc/8.3.0/libexec/gcc/x86_64-pc-linux-gnu/8.3.0/cc1plus -E -quiet -v -I /usr/common/software/sles15_cgpu/cuda/11.2.1/bin/../targets/x86_64-linux/include -iprefix /global/common/cori_cle7/software/sles15_cgpu/gcc/8.3.0/bin/../lib/gcc/x86_64-pc-linux-gnu/8.3.0/ -D_GNU_SOURCE -D __CUDA_ARCH__=520 -D CUDA_DOUBLE_MATH_FUNCTIONS -D __CUDACC__ -D __NVCC__ -D __CUDACC_VER_MAJOR__=11 -D __CUDACC_VER_MINOR__=2 -D __CUDACC_VER_BUILD__=142 -D __CUDA_API_VER_MAJOR__=11 -D __CUDA_API_VER_MINOR__=2 -include cuda_runtime.h /global/common/cori_cle7/software/cmake/3.21.3/share/cmake-3.21/Modules/CMakeCUDACompilerABI.cu -o /tmp/tmpxft_00008246_00000000-7_CMakeCUDACompilerABI.cpp1.ii -m64 -mtune=generic -march=x86-64]
  ignore line: [ignoring nonexistent directory "/global/common/cori_cle7/software/sles15_cgpu/gcc/8.3.0/bin/../lib/gcc/x86_64-pc-linux-gnu/8.3.0/../../../../x86_64-pc-linux-gnu/include"]
  ignore line: [ignoring duplicate directory "/global/common/cori_cle7/software/sles15_cgpu/gcc/8.3.0/bin/../lib/gcc/../../lib/gcc/x86_64-pc-linux-gnu/8.3.0/../../../../include/c++/8.3.0"]
  ignore line: [ignoring duplicate directory "/global/common/cori_cle7/software/sles15_cgpu/gcc/8.3.0/bin/../lib/gcc/../../lib/gcc/x86_64-pc-linux-gnu/8.3.0/../../../../include/c++/8.3.0/x86_64-pc-linux-gnu"]
  ignore line: [ignoring duplicate directory "/global/common/cori_cle7/software/sles15_cgpu/gcc/8.3.0/bin/../lib/gcc/../../lib/gcc/x86_64-pc-linux-gnu/8.3.0/../../../../include/c++/8.3.0/backward"]
  ignore line: [ignoring duplicate directory "/global/common/cori_cle7/software/sles15_cgpu/gcc/8.3.0/bin/../lib/gcc/../../lib/gcc/x86_64-pc-linux-gnu/8.3.0/include"]
  ignore line: [ignoring duplicate directory "/global/common/cori_cle7/software/sles15_cgpu/gcc/8.3.0/bin/../lib/gcc/../../lib/gcc/x86_64-pc-linux-gnu/8.3.0/include-fixed"]
  ignore line: [ignoring nonexistent directory "/global/common/cori_cle7/software/sles15_cgpu/gcc/8.3.0/bin/../lib/gcc/../../lib/gcc/x86_64-pc-linux-gnu/8.3.0/../../../../x86_64-pc-linux-gnu/include"]
  ignore line: [#include "..." search starts here:]
  ignore line: [#include <...> search starts here:]
  ignore line: [ /usr/common/software/sles15_cgpu/cuda/11.2.1/bin/../targets/x86_64-linux/include]
  ignore line: [ /global/common/cori_cle7/software/sles15_cgpu/gcc/8.3.0/bin/../lib/gcc/x86_64-pc-linux-gnu/8.3.0/../../../../include/c++/8.3.0]
  ignore line: [ /global/common/cori_cle7/software/sles15_cgpu/gcc/8.3.0/bin/../lib/gcc/x86_64-pc-linux-gnu/8.3.0/../../../../include/c++/8.3.0/x86_64-pc-linux-gnu]
  ignore line: [ /global/common/cori_cle7/software/sles15_cgpu/gcc/8.3.0/bin/../lib/gcc/x86_64-pc-linux-gnu/8.3.0/../../../../include/c++/8.3.0/backward]
  ignore line: [ /global/common/cori_cle7/software/sles15_cgpu/gcc/8.3.0/bin/../lib/gcc/x86_64-pc-linux-gnu/8.3.0/include]
  ignore line: [ /global/common/cori_cle7/software/sles15_cgpu/gcc/8.3.0/bin/../lib/gcc/x86_64-pc-linux-gnu/8.3.0/include-fixed]
  ignore line: [ /usr/local/include]
  ignore line: [ /global/common/cori_cle7/software/sles15_cgpu/gcc/8.3.0/bin/../lib/gcc/../../include]
  ignore line: [ /usr/include]
  ignore line: [End of search list.]
  ignore line: [COMPILER_PATH=/usr/common/software/sles15_cgpu/gcc/8.3.0/libexec/gcc/x86_64-pc-linux-gnu/8.3.0/:/usr/common/software/sles15_cgpu/gcc/8.3.0/libexec/gcc/]
  ignore line: [LIBRARY_PATH=/usr/common/software/sles15_cgpu/gcc/8.3.0/lib/gcc/x86_64-pc-linux-gnu/8.3.0/:/usr/common/software/sles15_cgpu/gcc/8.3.0/lib/gcc/:/usr/common/software/sles15_cgpu/gcc/8.3.0/lib64/../lib64/:/global/common/cori_cle7/software/sles15_cgpu/gcc/8.3.0/bin/../lib/gcc/x86_64-pc-linux-gnu/8.3.0/../../../../lib64/:/lib/../lib64/:/usr/lib/../lib64/:/usr/common/software/llvm/13_rc3/lib/:/usr/common/software/sles15_cgpu/gcc/8.3.0/lib64/:/global/common/cori_cle7/software/sles15_cgpu/gcc/8.3.0/bin/../lib/gcc/x86_64-pc-linux-gnu/8.3.0/../../../:/lib/:/usr/lib/]
  ignore line: [COLLECT_GCC_OPTIONS='-D' '__CUDA_ARCH__=520' '-E' '-D' 'CUDA_DOUBLE_MATH_FUNCTIONS' '-D' '__CUDACC__' '-D' '__NVCC__' '-v' '-I' '/usr/common/software/sles15_cgpu/cuda/11.2.1/bin/../targets/x86_64-linux/include' '-D' '__CUDACC_VER_MAJOR__=11' '-D' '__CUDACC_VER_MINOR__=2' '-D' '__CUDACC_VER_BUILD__=142' '-D' '__CUDA_API_VER_MAJOR__=11' '-D' '__CUDA_API_VER_MINOR__=2' '-include' 'cuda_runtime.h' '-m64' '-o' '/tmp/tmpxft_00008246_00000000-7_CMakeCUDACompilerABI.cpp1.ii' '-mtune=generic' '-march=x86-64']
  ignore line: [Using built-in specs.]
  ignore line: [COLLECT_GCC=gcc]
  ignore line: [Target: x86_64-pc-linux-gnu]
  ignore line: [Configured with: ./configure --prefix=/usr/common/software/sles15_cgpu/gcc/8.3.0 --enable-languages=c c++ fortran --disable-multilib]
  ignore line: [Thread model: posix]
  ignore line: [gcc version 8.3.0 (GCC) ]
  ignore line: [COLLECT_GCC_OPTIONS='-E' '-D' '__CUDACC__' '-D' '__NVCC__' '-v' '-I' '/usr/common/software/sles15_cgpu/cuda/11.2.1/bin/../targets/x86_64-linux/include' '-D' '__CUDACC_VER_MAJOR__=11' '-D' '__CUDACC_VER_MINOR__=2' '-D' '__CUDACC_VER_BUILD__=142' '-D' '__CUDA_API_VER_MAJOR__=11' '-D' '__CUDA_API_VER_MINOR__=2' '-include' 'cuda_runtime.h' '-m64' '-o' '/tmp/tmpxft_00008246_00000000-5_CMakeCUDACompilerABI.cpp4.ii' '-mtune=generic' '-march=x86-64']
  ignore line: [ /usr/common/software/sles15_cgpu/gcc/8.3.0/libexec/gcc/x86_64-pc-linux-gnu/8.3.0/cc1plus -E -quiet -v -I /usr/common/software/sles15_cgpu/cuda/11.2.1/bin/../targets/x86_64-linux/include -iprefix /global/common/cori_cle7/software/sles15_cgpu/gcc/8.3.0/bin/../lib/gcc/x86_64-pc-linux-gnu/8.3.0/ -D_GNU_SOURCE -D __CUDACC__ -D __NVCC__ -D __CUDACC_VER_MAJOR__=11 -D __CUDACC_VER_MINOR__=2 -D __CUDACC_VER_BUILD__=142 -D __CUDA_API_VER_MAJOR__=11 -D __CUDA_API_VER_MINOR__=2 -include cuda_runtime.h /global/common/cori_cle7/software/cmake/3.21.3/share/cmake-3.21/Modules/CMakeCUDACompilerABI.cu -o /tmp/tmpxft_00008246_00000000-5_CMakeCUDACompilerABI.cpp4.ii -m64 -mtune=generic -march=x86-64]
  ignore line: [ignoring nonexistent directory "/global/common/cori_cle7/software/sles15_cgpu/gcc/8.3.0/bin/../lib/gcc/x86_64-pc-linux-gnu/8.3.0/../../../../x86_64-pc-linux-gnu/include"]
  ignore line: [ignoring duplicate directory "/global/common/cori_cle7/software/sles15_cgpu/gcc/8.3.0/bin/../lib/gcc/../../lib/gcc/x86_64-pc-linux-gnu/8.3.0/../../../../include/c++/8.3.0"]
  ignore line: [ignoring duplicate directory "/global/common/cori_cle7/software/sles15_cgpu/gcc/8.3.0/bin/../lib/gcc/../../lib/gcc/x86_64-pc-linux-gnu/8.3.0/../../../../include/c++/8.3.0/x86_64-pc-linux-gnu"]
  ignore line: [ignoring duplicate directory "/global/common/cori_cle7/software/sles15_cgpu/gcc/8.3.0/bin/../lib/gcc/../../lib/gcc/x86_64-pc-linux-gnu/8.3.0/../../../../include/c++/8.3.0/backward"]
  ignore line: [ignoring duplicate directory "/global/common/cori_cle7/software/sles15_cgpu/gcc/8.3.0/bin/../lib/gcc/../../lib/gcc/x86_64-pc-linux-gnu/8.3.0/include"]
  ignore line: [ignoring duplicate directory "/global/common/cori_cle7/software/sles15_cgpu/gcc/8.3.0/bin/../lib/gcc/../../lib/gcc/x86_64-pc-linux-gnu/8.3.0/include-fixed"]
  ignore line: [ignoring nonexistent directory "/global/common/cori_cle7/software/sles15_cgpu/gcc/8.3.0/bin/../lib/gcc/../../lib/gcc/x86_64-pc-linux-gnu/8.3.0/../../../../x86_64-pc-linux-gnu/include"]
  ignore line: [#include "..." search starts here:]
  ignore line: [#include <...> search starts here:]
  ignore line: [ /usr/common/software/sles15_cgpu/cuda/11.2.1/bin/../targets/x86_64-linux/include]
  ignore line: [ /global/common/cori_cle7/software/sles15_cgpu/gcc/8.3.0/bin/../lib/gcc/x86_64-pc-linux-gnu/8.3.0/../../../../include/c++/8.3.0]
  ignore line: [ /global/common/cori_cle7/software/sles15_cgpu/gcc/8.3.0/bin/../lib/gcc/x86_64-pc-linux-gnu/8.3.0/../../../../include/c++/8.3.0/x86_64-pc-linux-gnu]
  ignore line: [ /global/common/cori_cle7/software/sles15_cgpu/gcc/8.3.0/bin/../lib/gcc/x86_64-pc-linux-gnu/8.3.0/../../../../include/c++/8.3.0/backward]
  ignore line: [ /global/common/cori_cle7/software/sles15_cgpu/gcc/8.3.0/bin/../lib/gcc/x86_64-pc-linux-gnu/8.3.0/include]
  ignore line: [ /global/common/cori_cle7/software/sles15_cgpu/gcc/8.3.0/bin/../lib/gcc/x86_64-pc-linux-gnu/8.3.0/include-fixed]
  ignore line: [ /usr/local/include]
  ignore line: [ /global/common/cori_cle7/software/sles15_cgpu/gcc/8.3.0/bin/../lib/gcc/../../include]
  ignore line: [ /usr/include]
  ignore line: [End of search list.]
  ignore line: [COMPILER_PATH=/usr/common/software/sles15_cgpu/gcc/8.3.0/libexec/gcc/x86_64-pc-linux-gnu/8.3.0/:/usr/common/software/sles15_cgpu/gcc/8.3.0/libexec/gcc/]
  ignore line: [LIBRARY_PATH=/usr/common/software/sles15_cgpu/gcc/8.3.0/lib/gcc/x86_64-pc-linux-gnu/8.3.0/:/usr/common/software/sles15_cgpu/gcc/8.3.0/lib/gcc/:/usr/common/software/sles15_cgpu/gcc/8.3.0/lib64/../lib64/:/global/common/cori_cle7/software/sles15_cgpu/gcc/8.3.0/bin/../lib/gcc/x86_64-pc-linux-gnu/8.3.0/../../../../lib64/:/lib/../lib64/:/usr/lib/../lib64/:/usr/common/software/llvm/13_rc3/lib/:/usr/common/software/sles15_cgpu/gcc/8.3.0/lib64/:/global/common/cori_cle7/software/sles15_cgpu/gcc/8.3.0/bin/../lib/gcc/x86_64-pc-linux-gnu/8.3.0/../../../:/lib/:/usr/lib/]
  ignore line: [COLLECT_GCC_OPTIONS='-E' '-D' '__CUDACC__' '-D' '__NVCC__' '-v' '-I' '/usr/common/software/sles15_cgpu/cuda/11.2.1/bin/../targets/x86_64-linux/include' '-D' '__CUDACC_VER_MAJOR__=11' '-D' '__CUDACC_VER_MINOR__=2' '-D' '__CUDACC_VER_BUILD__=142' '-D' '__CUDA_API_VER_MAJOR__=11' '-D' '__CUDA_API_VER_MINOR__=2' '-include' 'cuda_runtime.h' '-m64' '-o' '/tmp/tmpxft_00008246_00000000-5_CMakeCUDACompilerABI.cpp4.ii' '-mtune=generic' '-march=x86-64']
  ignore line: [Using built-in specs.]
  ignore line: [COLLECT_GCC=gcc]
  ignore line: [Target: x86_64-pc-linux-gnu]
  ignore line: [Configured with: ./configure --prefix=/usr/common/software/sles15_cgpu/gcc/8.3.0 --enable-languages=c c++ fortran --disable-multilib]
  ignore line: [Thread model: posix]
  ignore line: [gcc version 8.3.0 (GCC) ]
  ignore line: [COLLECT_GCC_OPTIONS='-D' '__CUDA_ARCH__=520' '-c' '-D' 'CUDA_DOUBLE_MATH_FUNCTIONS' '-v' '-I' '/usr/common/software/sles15_cgpu/cuda/11.2.1/bin/../targets/x86_64-linux/include' '-m64' '-o' 'CMakeFiles/cmTC_6a606.dir/CMakeCUDACompilerABI.cu.o' '-mtune=generic' '-march=x86-64']
  ignore line: [ /usr/common/software/sles15_cgpu/gcc/8.3.0/libexec/gcc/x86_64-pc-linux-gnu/8.3.0/cc1plus -quiet -v -I /usr/common/software/sles15_cgpu/cuda/11.2.1/bin/../targets/x86_64-linux/include -iprefix /global/common/cori_cle7/software/sles15_cgpu/gcc/8.3.0/bin/../lib/gcc/x86_64-pc-linux-gnu/8.3.0/ -D_GNU_SOURCE -D __CUDA_ARCH__=520 -D CUDA_DOUBLE_MATH_FUNCTIONS /tmp/tmpxft_00008246_00000000-6_CMakeCUDACompilerABI.cudafe1.cpp -quiet -dumpbase tmpxft_00008246_00000000-6_CMakeCUDACompilerABI.cudafe1.cpp -m64 -mtune=generic -march=x86-64 -auxbase-strip CMakeFiles/cmTC_6a606.dir/CMakeCUDACompilerABI.cu.o -version -o /tmp/ccs2xvG7.s]
  ignore line: [GNU C++14 (GCC) version 8.3.0 (x86_64-pc-linux-gnu)]
  ignore line: [	compiled by GNU C version 8.3.0  GMP version 6.2.0  MPFR version 4.1.0  MPC version 1.2.0  isl version none]
  ignore line: [GGC heuristics: --param ggc-min-expand=100 --param ggc-min-heapsize=131072]
  ignore line: [ignoring nonexistent directory "/global/common/cori_cle7/software/sles15_cgpu/gcc/8.3.0/bin/../lib/gcc/x86_64-pc-linux-gnu/8.3.0/../../../../x86_64-pc-linux-gnu/include"]
  ignore line: [ignoring duplicate directory "/global/common/cori_cle7/software/sles15_cgpu/gcc/8.3.0/bin/../lib/gcc/../../lib/gcc/x86_64-pc-linux-gnu/8.3.0/../../../../include/c++/8.3.0"]
  ignore line: [ignoring duplicate directory "/global/common/cori_cle7/software/sles15_cgpu/gcc/8.3.0/bin/../lib/gcc/../../lib/gcc/x86_64-pc-linux-gnu/8.3.0/../../../../include/c++/8.3.0/x86_64-pc-linux-gnu"]
  ignore line: [ignoring duplicate directory "/global/common/cori_cle7/software/sles15_cgpu/gcc/8.3.0/bin/../lib/gcc/../../lib/gcc/x86_64-pc-linux-gnu/8.3.0/../../../../include/c++/8.3.0/backward"]
  ignore line: [ignoring duplicate directory "/global/common/cori_cle7/software/sles15_cgpu/gcc/8.3.0/bin/../lib/gcc/../../lib/gcc/x86_64-pc-linux-gnu/8.3.0/include"]
  ignore line: [ignoring duplicate directory "/global/common/cori_cle7/software/sles15_cgpu/gcc/8.3.0/bin/../lib/gcc/../../lib/gcc/x86_64-pc-linux-gnu/8.3.0/include-fixed"]
  ignore line: [ignoring nonexistent directory "/global/common/cori_cle7/software/sles15_cgpu/gcc/8.3.0/bin/../lib/gcc/../../lib/gcc/x86_64-pc-linux-gnu/8.3.0/../../../../x86_64-pc-linux-gnu/include"]
  ignore line: [#include "..." search starts here:]
  ignore line: [#include <...> search starts here:]
  ignore line: [ /usr/common/software/sles15_cgpu/cuda/11.2.1/bin/../targets/x86_64-linux/include]
  ignore line: [ /global/common/cori_cle7/software/sles15_cgpu/gcc/8.3.0/bin/../lib/gcc/x86_64-pc-linux-gnu/8.3.0/../../../../include/c++/8.3.0]
  ignore line: [ /global/common/cori_cle7/software/sles15_cgpu/gcc/8.3.0/bin/../lib/gcc/x86_64-pc-linux-gnu/8.3.0/../../../../include/c++/8.3.0/x86_64-pc-linux-gnu]
  ignore line: [ /global/common/cori_cle7/software/sles15_cgpu/gcc/8.3.0/bin/../lib/gcc/x86_64-pc-linux-gnu/8.3.0/../../../../include/c++/8.3.0/backward]
  ignore line: [ /global/common/cori_cle7/software/sles15_cgpu/gcc/8.3.0/bin/../lib/gcc/x86_64-pc-linux-gnu/8.3.0/include]
  ignore line: [ /global/common/cori_cle7/software/sles15_cgpu/gcc/8.3.0/bin/../lib/gcc/x86_64-pc-linux-gnu/8.3.0/include-fixed]
  ignore line: [ /usr/local/include]
  ignore line: [ /global/common/cori_cle7/software/sles15_cgpu/gcc/8.3.0/bin/../lib/gcc/../../include]
  ignore line: [ /usr/include]
  ignore line: [End of search list.]
  ignore line: [GNU C++14 (GCC) version 8.3.0 (x86_64-pc-linux-gnu)]
  ignore line: [	compiled by GNU C version 8.3.0  GMP version 6.2.0  MPFR version 4.1.0  MPC version 1.2.0  isl version none]
  ignore line: [GGC heuristics: --param ggc-min-expand=100 --param ggc-min-heapsize=131072]
  ignore line: [Compiler executable checksum: 2ed53ceeb3e69585b2c7e2af3e86abd5]
  ignore line: [COLLECT_GCC_OPTIONS='-D' '__CUDA_ARCH__=520' '-c' '-D' 'CUDA_DOUBLE_MATH_FUNCTIONS' '-v' '-I' '/usr/common/software/sles15_cgpu/cuda/11.2.1/bin/../targets/x86_64-linux/include' '-m64' '-o' 'CMakeFiles/cmTC_6a606.dir/CMakeCUDACompilerABI.cu.o' '-mtune=generic' '-march=x86-64']
  ignore line: [ as -v -I /usr/common/software/sles15_cgpu/cuda/11.2.1/bin/../targets/x86_64-linux/include --64 -o CMakeFiles/cmTC_6a606.dir/CMakeCUDACompilerABI.cu.o /tmp/ccs2xvG7.s]
  ignore line: [GNU assembler version 2.32.0 (x86_64-suse-linux) using BFD version (GNU Binutils]
  ignore line: [ openSUSE Leap 15.0) 2.32.0.20190909-lp150.10]
  ignore line: [COMPILER_PATH=/usr/common/software/sles15_cgpu/gcc/8.3.0/libexec/gcc/x86_64-pc-linux-gnu/8.3.0/:/usr/common/software/sles15_cgpu/gcc/8.3.0/libexec/gcc/]
  ignore line: [LIBRARY_PATH=/usr/common/software/sles15_cgpu/gcc/8.3.0/lib/gcc/x86_64-pc-linux-gnu/8.3.0/:/usr/common/software/sles15_cgpu/gcc/8.3.0/lib/gcc/:/usr/common/software/sles15_cgpu/gcc/8.3.0/lib64/../lib64/:/global/common/cori_cle7/software/sles15_cgpu/gcc/8.3.0/bin/../lib/gcc/x86_64-pc-linux-gnu/8.3.0/../../../../lib64/:/lib/../lib64/:/usr/lib/../lib64/:/usr/common/software/llvm/13_rc3/lib/:/usr/common/software/sles15_cgpu/gcc/8.3.0/lib64/:/global/common/cori_cle7/software/sles15_cgpu/gcc/8.3.0/bin/../lib/gcc/x86_64-pc-linux-gnu/8.3.0/../../../:/lib/:/usr/lib/]
  ignore line: [COLLECT_GCC_OPTIONS='-D' '__CUDA_ARCH__=520' '-c' '-D' 'CUDA_DOUBLE_MATH_FUNCTIONS' '-v' '-I' '/usr/common/software/sles15_cgpu/cuda/11.2.1/bin/../targets/x86_64-linux/include' '-m64' '-o' 'CMakeFiles/cmTC_6a606.dir/CMakeCUDACompilerABI.cu.o' '-mtune=generic' '-march=x86-64']
  ignore line: [Linking CUDA executable cmTC_6a606]
  ignore line: [/global/common/cori_cle7/software/cmake/3.21.3/bin/cmake -E cmake_link_script CMakeFiles/cmTC_6a606.dir/link.txt --verbose=1]
  ignore line: [/usr/common/software/sles15_cgpu/gcc/8.3.0/bin/g++  -v CMakeFiles/cmTC_6a606.dir/CMakeCUDACompilerABI.cu.o -o cmTC_6a606  -lcudadevrt -lcudart_static -lrt -lpthread -ldl  -L"/usr/common/software/sles15_cgpu/cuda/11.2.1/targets/x86_64-linux/lib/stubs" -L"/usr/common/software/sles15_cgpu/cuda/11.2.1/targets/x86_64-linux/lib"]
  ignore line: [Using built-in specs.]
  ignore line: [COLLECT_GCC=/usr/common/software/sles15_cgpu/gcc/8.3.0/bin/g++]
  ignore line: [COLLECT_LTO_WRAPPER=/usr/common/software/sles15_cgpu/gcc/8.3.0/libexec/gcc/x86_64-pc-linux-gnu/8.3.0/lto-wrapper]
  ignore line: [Target: x86_64-pc-linux-gnu]
  ignore line: [Configured with: ./configure --prefix=/usr/common/software/sles15_cgpu/gcc/8.3.0 --enable-languages=c c++ fortran --disable-multilib]
  ignore line: [Thread model: posix]
  ignore line: [gcc version 8.3.0 (GCC) ]
  ignore line: [COMPILER_PATH=/usr/common/software/sles15_cgpu/gcc/8.3.0/libexec/gcc/x86_64-pc-linux-gnu/8.3.0/:/usr/common/software/sles15_cgpu/gcc/8.3.0/libexec/gcc/]
  ignore line: [LIBRARY_PATH=/usr/common/software/sles15_cgpu/gcc/8.3.0/lib/gcc/x86_64-pc-linux-gnu/8.3.0/:/usr/common/software/sles15_cgpu/gcc/8.3.0/lib/gcc/:/usr/common/software/sles15_cgpu/gcc/8.3.0/lib64/../lib64/:/global/common/cori_cle7/software/sles15_cgpu/gcc/8.3.0/bin/../lib/gcc/x86_64-pc-linux-gnu/8.3.0/../../../../lib64/:/lib/../lib64/:/usr/lib/../lib64/:/usr/common/software/llvm/13_rc3/lib/:/usr/common/software/sles15_cgpu/gcc/8.3.0/lib64/:/global/common/cori_cle7/software/sles15_cgpu/gcc/8.3.0/bin/../lib/gcc/x86_64-pc-linux-gnu/8.3.0/../../../:/lib/:/usr/lib/]
  ignore line: [COLLECT_GCC_OPTIONS='-v' '-o' 'cmTC_6a606' '-L/usr/common/software/sles15_cgpu/cuda/11.2.1/targets/x86_64-linux/lib/stubs' '-L/usr/common/software/sles15_cgpu/cuda/11.2.1/targets/x86_64-linux/lib' '-shared-libgcc' '-mtune=generic' '-march=x86-64']
  link line: [ /usr/common/software/sles15_cgpu/gcc/8.3.0/libexec/gcc/x86_64-pc-linux-gnu/8.3.0/collect2 -plugin /usr/common/software/sles15_cgpu/gcc/8.3.0/libexec/gcc/x86_64-pc-linux-gnu/8.3.0/liblto_plugin.so -plugin-opt=/usr/common/software/sles15_cgpu/gcc/8.3.0/libexec/gcc/x86_64-pc-linux-gnu/8.3.0/lto-wrapper -plugin-opt=-fresolution=/tmp/cc7eupTj.res -plugin-opt=-pass-through=-lgcc_s -plugin-opt=-pass-through=-lgcc -plugin-opt=-pass-through=-lc -plugin-opt=-pass-through=-lgcc_s -plugin-opt=-pass-through=-lgcc --eh-frame-hdr -m elf_x86_64 -dynamic-linker /lib64/ld-linux-x86-64.so.2 -o cmTC_6a606 /usr/lib/../lib64/crt1.o /usr/lib/../lib64/crti.o /usr/common/software/sles15_cgpu/gcc/8.3.0/lib/gcc/x86_64-pc-linux-gnu/8.3.0/crtbegin.o -L/usr/common/software/sles15_cgpu/cuda/11.2.1/targets/x86_64-linux/lib/stubs -L/usr/common/software/sles15_cgpu/cuda/11.2.1/targets/x86_64-linux/lib -L/usr/common/software/sles15_cgpu/gcc/8.3.0/lib/gcc/x86_64-pc-linux-gnu/8.3.0 -L/usr/common/software/sles15_cgpu/gcc/8.3.0/lib/gcc -L/usr/common/software/sles15_cgpu/gcc/8.3.0/lib64/../lib64 -L/global/common/cori_cle7/software/sles15_cgpu/gcc/8.3.0/bin/../lib/gcc/x86_64-pc-linux-gnu/8.3.0/../../../../lib64 -L/lib/../lib64 -L/usr/lib/../lib64 -L/usr/common/software/llvm/13_rc3/lib -L/usr/common/software/sles15_cgpu/gcc/8.3.0/lib64 -L/global/common/cori_cle7/software/sles15_cgpu/gcc/8.3.0/bin/../lib/gcc/x86_64-pc-linux-gnu/8.3.0/../../.. CMakeFiles/cmTC_6a606.dir/CMakeCUDACompilerABI.cu.o -lcudadevrt -lcudart_static -lrt -lpthread -ldl -lstdc++ -lm -lgcc_s -lgcc -lc -lgcc_s -lgcc /usr/common/software/sles15_cgpu/gcc/8.3.0/lib/gcc/x86_64-pc-linux-gnu/8.3.0/crtend.o /usr/lib/../lib64/crtn.o]
    arg [/usr/common/software/sles15_cgpu/gcc/8.3.0/libexec/gcc/x86_64-pc-linux-gnu/8.3.0/collect2] ==> ignore
    arg [-plugin] ==> ignore
    arg [/usr/common/software/sles15_cgpu/gcc/8.3.0/libexec/gcc/x86_64-pc-linux-gnu/8.3.0/liblto_plugin.so] ==> ignore
    arg [-plugin-opt=/usr/common/software/sles15_cgpu/gcc/8.3.0/libexec/gcc/x86_64-pc-linux-gnu/8.3.0/lto-wrapper] ==> ignore
    arg [-plugin-opt=-fresolution=/tmp/cc7eupTj.res] ==> ignore
    arg [-plugin-opt=-pass-through=-lgcc_s] ==> ignore
    arg [-plugin-opt=-pass-through=-lgcc] ==> ignore
    arg [-plugin-opt=-pass-through=-lc] ==> ignore
    arg [-plugin-opt=-pass-through=-lgcc_s] ==> ignore
    arg [-plugin-opt=-pass-through=-lgcc] ==> ignore
    arg [--eh-frame-hdr] ==> ignore
    arg [-m] ==> ignore
    arg [elf_x86_64] ==> ignore
    arg [-dynamic-linker] ==> ignore
    arg [/lib64/ld-linux-x86-64.so.2] ==> ignore
    arg [-o] ==> ignore
    arg [cmTC_6a606] ==> ignore
    arg [/usr/lib/../lib64/crt1.o] ==> obj [/usr/lib/../lib64/crt1.o]
    arg [/usr/lib/../lib64/crti.o] ==> obj [/usr/lib/../lib64/crti.o]
    arg [/usr/common/software/sles15_cgpu/gcc/8.3.0/lib/gcc/x86_64-pc-linux-gnu/8.3.0/crtbegin.o] ==> obj [/usr/common/software/sles15_cgpu/gcc/8.3.0/lib/gcc/x86_64-pc-linux-gnu/8.3.0/crtbegin.o]
    arg [-L/usr/common/software/sles15_cgpu/cuda/11.2.1/targets/x86_64-linux/lib/stubs] ==> dir [/usr/common/software/sles15_cgpu/cuda/11.2.1/targets/x86_64-linux/lib/stubs]
    arg [-L/usr/common/software/sles15_cgpu/cuda/11.2.1/targets/x86_64-linux/lib] ==> dir [/usr/common/software/sles15_cgpu/cuda/11.2.1/targets/x86_64-linux/lib]
    arg [-L/usr/common/software/sles15_cgpu/gcc/8.3.0/lib/gcc/x86_64-pc-linux-gnu/8.3.0] ==> dir [/usr/common/software/sles15_cgpu/gcc/8.3.0/lib/gcc/x86_64-pc-linux-gnu/8.3.0]
    arg [-L/usr/common/software/sles15_cgpu/gcc/8.3.0/lib/gcc] ==> dir [/usr/common/software/sles15_cgpu/gcc/8.3.0/lib/gcc]
    arg [-L/usr/common/software/sles15_cgpu/gcc/8.3.0/lib64/../lib64] ==> dir [/usr/common/software/sles15_cgpu/gcc/8.3.0/lib64/../lib64]
    arg [-L/global/common/cori_cle7/software/sles15_cgpu/gcc/8.3.0/bin/../lib/gcc/x86_64-pc-linux-gnu/8.3.0/../../../../lib64] ==> dir [/global/common/cori_cle7/software/sles15_cgpu/gcc/8.3.0/bin/../lib/gcc/x86_64-pc-linux-gnu/8.3.0/../../../../lib64]
    arg [-L/lib/../lib64] ==> dir [/lib/../lib64]
    arg [-L/usr/lib/../lib64] ==> dir [/usr/lib/../lib64]
    arg [-L/usr/common/software/llvm/13_rc3/lib] ==> dir [/usr/common/software/llvm/13_rc3/lib]
    arg [-L/usr/common/software/sles15_cgpu/gcc/8.3.0/lib64] ==> dir [/usr/common/software/sles15_cgpu/gcc/8.3.0/lib64]
    arg [-L/global/common/cori_cle7/software/sles15_cgpu/gcc/8.3.0/bin/../lib/gcc/x86_64-pc-linux-gnu/8.3.0/../../..] ==> dir [/global/common/cori_cle7/software/sles15_cgpu/gcc/8.3.0/bin/../lib/gcc/x86_64-pc-linux-gnu/8.3.0/../../..]
    arg [CMakeFiles/cmTC_6a606.dir/CMakeCUDACompilerABI.cu.o] ==> ignore
    arg [-lcudadevrt] ==> lib [cudadevrt]
    arg [-lcudart_static] ==> lib [cudart_static]
    arg [-lrt] ==> lib [rt]
    arg [-lpthread] ==> lib [pthread]
    arg [-ldl] ==> lib [dl]
    arg [-lstdc++] ==> lib [stdc++]
    arg [-lm] ==> lib [m]
    arg [-lgcc_s] ==> lib [gcc_s]
    arg [-lgcc] ==> lib [gcc]
    arg [-lc] ==> lib [c]
    arg [-lgcc_s] ==> lib [gcc_s]
    arg [-lgcc] ==> lib [gcc]
    arg [/usr/common/software/sles15_cgpu/gcc/8.3.0/lib/gcc/x86_64-pc-linux-gnu/8.3.0/crtend.o] ==> obj [/usr/common/software/sles15_cgpu/gcc/8.3.0/lib/gcc/x86_64-pc-linux-gnu/8.3.0/crtend.o]
    arg [/usr/lib/../lib64/crtn.o] ==> obj [/usr/lib/../lib64/crtn.o]
  collapse obj [/usr/lib/../lib64/crt1.o] ==> [/usr/lib64/crt1.o]
  collapse obj [/usr/lib/../lib64/crti.o] ==> [/usr/lib64/crti.o]
  collapse obj [/usr/lib/../lib64/crtn.o] ==> [/usr/lib64/crtn.o]
  collapse library dir [/usr/common/software/sles15_cgpu/cuda/11.2.1/targets/x86_64-linux/lib/stubs] ==> [/usr/common/software/sles15_cgpu/cuda/11.2.1/targets/x86_64-linux/lib/stubs]
  collapse library dir [/usr/common/software/sles15_cgpu/cuda/11.2.1/targets/x86_64-linux/lib] ==> [/usr/common/software/sles15_cgpu/cuda/11.2.1/targets/x86_64-linux/lib]
  collapse library dir [/usr/common/software/sles15_cgpu/gcc/8.3.0/lib/gcc/x86_64-pc-linux-gnu/8.3.0] ==> [/usr/common/software/sles15_cgpu/gcc/8.3.0/lib/gcc/x86_64-pc-linux-gnu/8.3.0]
  collapse library dir [/usr/common/software/sles15_cgpu/gcc/8.3.0/lib/gcc] ==> [/usr/common/software/sles15_cgpu/gcc/8.3.0/lib/gcc]
  collapse library dir [/usr/common/software/sles15_cgpu/gcc/8.3.0/lib64/../lib64] ==> [/usr/common/software/sles15_cgpu/gcc/8.3.0/lib64]
  collapse library dir [/global/common/cori_cle7/software/sles15_cgpu/gcc/8.3.0/bin/../lib/gcc/x86_64-pc-linux-gnu/8.3.0/../../../../lib64] ==> [/global/common/cori_cle7/software/sles15_cgpu/gcc/8.3.0/lib64]
  collapse library dir [/lib/../lib64] ==> [/lib64]
  collapse library dir [/usr/lib/../lib64] ==> [/usr/lib64]
  collapse library dir [/usr/common/software/llvm/13_rc3/lib] ==> [/usr/common/software/llvm/13_rc3/lib]
  collapse library dir [/usr/common/software/sles15_cgpu/gcc/8.3.0/lib64] ==> [/usr/common/software/sles15_cgpu/gcc/8.3.0/lib64]
  collapse library dir [/global/common/cori_cle7/software/sles15_cgpu/gcc/8.3.0/bin/../lib/gcc/x86_64-pc-linux-gnu/8.3.0/../../..] ==> [/global/common/cori_cle7/software/sles15_cgpu/gcc/8.3.0/lib]
  implicit libs: [cudadevrt;cudart_static;rt;pthread;dl;stdc++;m;gcc_s;gcc;c;gcc_s;gcc]
  implicit objs: [/usr/lib64/crt1.o;/usr/lib64/crti.o;/usr/common/software/sles15_cgpu/gcc/8.3.0/lib/gcc/x86_64-pc-linux-gnu/8.3.0/crtbegin.o;/usr/common/software/sles15_cgpu/gcc/8.3.0/lib/gcc/x86_64-pc-linux-gnu/8.3.0/crtend.o;/usr/lib64/crtn.o]
  implicit dirs: [/usr/common/software/sles15_cgpu/cuda/11.2.1/targets/x86_64-linux/lib/stubs;/usr/common/software/sles15_cgpu/cuda/11.2.1/targets/x86_64-linux/lib;/usr/common/software/sles15_cgpu/gcc/8.3.0/lib/gcc/x86_64-pc-linux-gnu/8.3.0;/usr/common/software/sles15_cgpu/gcc/8.3.0/lib/gcc;/usr/common/software/sles15_cgpu/gcc/8.3.0/lib64;/global/common/cori_cle7/software/sles15_cgpu/gcc/8.3.0/lib64;/lib64;/usr/lib64;/usr/common/software/llvm/13_rc3/lib;/global/common/cori_cle7/software/sles15_cgpu/gcc/8.3.0/lib]
  implicit fwks: []


